#
# A fatal error has been detected by the Java Runtime Environment:
#
#  EXCEPTION_ACCESS_VIOLATION (0xc0000005) at pc=0x00007ffa2f3926c4, pid=680, tid=14744
#
# JRE version: Java(TM) SE Runtime Environment (24.0.1+9) (build 24.0.1+9-30)
# Java VM: Java HotSpot(TM) 64-Bit Server VM (24.0.1+9-30, mixed mode, sharing, tiered, compressed oops, compressed class ptrs, g1 gc, windows-amd64)
# Problematic frame:
# C  [libasyncProfiler.dll+0x926c4]
#
# No core dump will be written. Minidumps are not enabled by default on client versions of Windows
#
# JFR recording file will be written. Location: C:\Users\DELL\IdeaProjects\Gym_Management_System\hs_err_pid680.jfr
#
# If you would like to submit a bug report, please visit:
#   https://bugreport.java.com/bugreport/crash.jsp
# The crash happened outside the Java Virtual Machine in native code.
# See problematic frame for where to report the bug.
#

---------------  S U M M A R Y ------------

Command Line: -javaagent:D:\IntelliJ IDEA 2025.1.2\lib\idea_rt.jar=58748 -Dfile.encoding=UTF-8 -Dsun.stdout.encoding=UTF-8 -Dsun.stderr.encoding=UTF-8 Main

Host: Intel(R) Core(TM) i5-6300U CPU @ 2.40GHz, 4 cores, 7G,  Windows 10 , 64 bit Build 19041 (10.0.19041.5915)
Time: Wed Jul  2 19:57:23 2025 India Standard Time elapsed time: 421.203968 seconds (0d 0h 7m 1s)

---------------  T H R E A D  ---------------

Current thread (0x000001b1fc75e4c0):  JavaThread "Attach Listener" daemon [_thread_in_native, id=14744, stack(0x0000008e76000000,0x0000008e76100000) (1024K)]

Stack: [0x0000008e76000000,0x0000008e76100000],  sp=0x0000008e760fefa0,  free space=1019k
Native frames: (J=compiled Java code, j=interpreted, Vv=VM code, C=native code)
C  [libasyncProfiler.dll+0x926c4]  (no source info available)
C  [libasyncProfiler.dll+0x92b9b]  (no source info available)
C  [libasyncProfiler.dll+0x917f4]  (no source info available)
C  [libasyncProfiler.dll+0x9206a]  (no source info available)
C  [libasyncProfiler.dll+0x8cc21]  (no source info available)
C  [libasyncProfiler.dll+0x7e5e1]  (no source info available)
C  [libasyncProfiler.dll+0x7d2f8]  (no source info available)
C  [libasyncProfiler.dll+0x7d1e0]  (no source info available)
C  [libasyncProfiler.dll+0x841b9]  (no source info available)
V  [jvm.dll+0x57eff7]  (no source info available)
V  [jvm.dll+0x57fdac]  (no source info available)
V  [jvm.dll+0x14ca17]  (no source info available)
V  [jvm.dll+0x14dfe1]  (no source info available)
V  [jvm.dll+0x42f456]  (no source info available)
V  [jvm.dll+0x87d76b]  (no source info available)
V  [jvm.dll+0x72ee55]  (no source info available)
C  [ucrtbase.dll+0x21bb2]  (no source info available)
C  [KERNEL32.DLL+0x17374]  (no source info available)
C  [ntdll.dll+0x4cc91]  (no source info available)


siginfo: EXCEPTION_ACCESS_VIOLATION (0xc0000005), reading address 0xffffffffffffffff


Registers:
RAX=0x0000000000000010, RBX=0x0000000000000000, RCX=0xffffffffffffffff, RDX=0x007ffa18c5301010
RSP=0x0000008e760fefa0, RBP=0x000001b1c5078760, RSI=0x0000008e760ff110, RDI=0x000001b1c5078760
R8 =0x0000000000000042, R9 =0x0000000087ff3888, R10=0x00007ffa18ec9fb0, R11=0x0000000000000004
R12=0x0000008e760ff110, R13=0x000001b1c6502730, R14=0x000001b1fc75e888, R15=0x000001b1fc75e888
RIP=0x00007ffa2f3926c4, EFLAGS=0x0000000000010202

XMM[0]=0x0000000000000000 0x0000000000000000
XMM[1]=0x0000000000000000 0x0000000000000000
XMM[2]=0x0000000000000000 0x0000000000000000
XMM[3]=0x0000000000000000 0x0000000000000000
XMM[4]=0x0000000000000000 0x0000000000000000
XMM[5]=0x0000000000000000 0x0000000000000000
XMM[6]=0x0000000000000000 0x0000000000000000
XMM[7]=0x0000000000000000 0x0000000000000000
XMM[8]=0x0000000000000000 0x0000000000000000
XMM[9]=0x0000000000000000 0x0000000000000000
XMM[10]=0x0000000000000000 0x0000000000000000
XMM[11]=0x0000000000000000 0x0000000000000000
XMM[12]=0x0000000000000000 0x0000000000000000
XMM[13]=0x0000000000000000 0x0000000000000000
XMM[14]=0x0000000000000000 0x0000000000000000
XMM[15]=0x0000000000000000 0x0000000000000000
  MXCSR=0x00001fa0


Register to memory mapping:

RAX=0x0000000000000010 is an unknown value
RBX=0x0 is null
RCX=0xffffffffffffffff is an unknown value
RDX=0x007ffa18c5301010 is an unknown value
RSP=0x0000008e760fefa0 is pointing into the stack for thread: 0x000001b1fc75e4c0
RBP=0x000001b1c5078760 points into unknown readable memory: 0x0000000087ff3888 | 88 38 ff 87 00 00 00 00
RSI=0x0000008e760ff110 is pointing into the stack for thread: 0x000001b1fc75e4c0
RDI=0x000001b1c5078760 points into unknown readable memory: 0x0000000087ff3888 | 88 38 ff 87 00 00 00 00
R8 =0x0000000000000042 is an unknown value
R9 =0x0000000087ff3888 is an oop: java.lang.Thread 
{0x0000000087ff3888} - klass: 'java/lang/Thread' - flags: 

 - ---- fields (total size 14 words):
 - 'threadLocalRandomProbe' 'I' @12  0 (0x00000000)
 - private volatile 'eetop' 'J' @16  1863443680416 (0x000001b1dde60ca0)
 - private final 'tid' 'J' @24  3 (0x0000000000000003)
 - 'threadLocalRandomSeed' 'J' @32  0 (0x0000000000000000)
 - injected 'jvmti_thread_state' 'J' @40  1863031443392 (0x000001b1c553cfc0)
 - 'threadLocalRandomSecondarySeed' 'I' @48  836243847 (0x31d81187)
 - injected 'jvmti_VTMS_transition_disable_count' 'I' @52  0 (0x00000000)
 - injected 'jfr_epoch' 'S' @56  0 (0x0000)
 - volatile 'interrupted' 'Z' @58  false (0x00)
 - injected 'jvmti_is_in_VTMS_transition' 'Z' @59  false (0x00)
 - private volatile 'name' 'Ljava/lang/String;' @60  "main"{0x0000000087ff38f8} (0x87ff38f8)
 - private volatile 'contextClassLoader' 'Ljava/lang/ClassLoader;' @64  a 'jdk/internal/loader/ClassLoaders$AppClassLoader'{0x0000000087f1f6b0} (0x87f1f6b0)
 - private final 'holder' 'Ljava/lang/Thread$FieldHolder;' @68  a 'java/lang/Thread$FieldHolder'{0x0000000087ff3928} (0x87ff3928)
 - 'threadLocals' 'Ljava/lang/ThreadLocal$ThreadLocalMap;' @72  a 'java/lang/ThreadLocal$ThreadLocalMap'{0x0000000087ff3950} (0x87ff3950)
 - 'inheritableThreadLocals' 'Ljava/lang/ThreadLocal$ThreadLocalMap;' @76  null (0x00000000)
 - private 'scopedValueBindings' 'Ljava/lang/Object;' @80  a 'java/lang/Class'{0x00000000ffe7c890} = 'java/lang/Thread' (0xffe7c890)
 - final 'interruptLock' 'Ljava/lang/Object;' @84  a 'java/lang/Object'{0x0000000087ff3c90} (0x87ff3c90)
 - private volatile 'parkBlocker' 'Ljava/lang/Object;' @88  null (0x00000000)
 - private 'nioBlocker' 'Lsun/nio/ch/Interruptible;' @92  null (0x00000000)
 - private 'cont' 'Ljdk/internal/vm/Continuation;' @96  null (0x00000000)
 - private volatile 'uncaughtExceptionHandler' 'Ljava/lang/Thread$UncaughtExceptionHandler;' @100  null (0x00000000)
 - private 'container' 'Ljdk/internal/vm/ThreadContainer;' @104  null (0x00000000)
 - private volatile 'headStackableScopes' 'Ljdk/internal/vm/StackableScope;' @108  null (0x00000000)
R10=0x00007ffa18ec9fb0 jvm.dll
R11=0x0000000000000004 is an unknown value
R12=0x0000008e760ff110 is pointing into the stack for thread: 0x000001b1fc75e4c0
R13=0x000001b1c6502730 points into unknown readable memory: 0x00007ffa18e3a510 | 10 a5 e3 18 fa 7f 00 00
R14=0x000001b1fc75e888 points into unknown readable memory: 0x00007ffa18e317b0 | b0 17 e3 18 fa 7f 00 00
R15=0x000001b1fc75e888 points into unknown readable memory: 0x00007ffa18e317b0 | b0 17 e3 18 fa 7f 00 00

Top of Stack: (sp=0x0000008e760fefa0)
0x0000008e760fefa0:   0000008e760ff110 000001b1c5078760   ...v....`.......
0x0000008e760fefb0:   0000000000000000 000001b1fc75ec10   ..........u.....
0x0000008e760fefc0:   000000000000001f 00007ffa2f392b9b   .........+9/....
0x0000008e760fefd0:   0000000000000000 000001b1fc75e888   ..........u.....
0x0000008e760fefe0:   0000008e760ff101 0000000000000000   ...v............
0x0000008e760feff0:   000001b1c52a81a0 00007ffa2f3917f4   ..*.......9/....
0x0000008e760ff000:   0000000000000000 000000000000001f   ................
0x0000008e760ff010:   0000000000000000 000000000000001f   ................
0x0000008e760ff020:   0000000f00000000 000001b1c5b644d0   .........D......
0x0000008e760ff030:   000001b1c52a81a0 000001b1c52a821c   ..*.......*.....
0x0000008e760ff040:   000001b1c52a8248 00000000000024cc   H.*......$......
0x0000008e760ff050:   0000000000000000 0000000000000000   ................
0x0000008e760ff060:   0000000000000000 00007ffa186957d4   .........Wi.....
0x0000008e760ff070:   00007ffa2f4d4ca0 00000000000002a8   .LM/............
0x0000008e760ff080:   00007ffa2f4d4ca0 00000000ffffffff   .LM/............
0x0000008e760ff090:   0000000000000000 00007ffa2f39206a   ........j 9/....
0x0000008e760ff0a0:   000001b1fc75e888 0000000000000000   ..u.............
0x0000008e760ff0b0:   0000008e760ff119 000001b1c6502730   ...v....0'P.....
0x0000008e760ff0c0:   0000000000000003 0000000000000048   ........H.......
0x0000008e760ff0d0:   0000000800800310 0000000000000020   ........ .......
0x0000008e760ff0e0:   000001b1fc75e888 00007ffa2f4d4ca0   ..u......LM/....
0x0000008e760ff0f0:   000001b1fc755970 000001b1c553cfc0   pYu.......S.....
0x0000008e760ff100:   0000000800800390 000001b1fc75e888   ..........u.....
0x0000008e760ff110:   000001b1c657ac40 000001b1c657b020   @.W..... .W.....
0x0000008e760ff120:   000001b1c657b020 00007ffa2f4d4ca0    .W......LM/....
0x0000008e760ff130:   0000008e760ff2a8 000001b1dde30000   ...v............
0x0000008e760ff140:   0000008e760ff3e0 0000000000008840   ...v....@.......
0x0000008e760ff150:   0000008e760ff5c0 00007ffa2f4d4cf0   ...v.....LM/....
0x0000008e760ff160:   0000000000989680 0000000000989680   ................
0x0000008e760ff170:   0000008e760ff280 00007ffa2f38cc21   ...v....!.8/....
0x0000008e760ff180:   00007ffa2f4d4ca0 00007ffa2f4d4cf8   .LM/.....LM/....
0x0000008e760ff190:   00007ffa00000000 00007ffa00000001   ................

Instructions: (pc=0x00007ffa2f3926c4)
  0x00007ffa2f3925c4:   cc cc cc cc cc cc cc cc cc cc cc cc cc cc cc cc
  0x00007ffa2f3925d4:   cc cc cc cc cc cc cc cc cc cc cc cc cc cc cc cc
  0x00007ffa2f3925e4:   cc cc cc cc cc cc cc cc cc cc cc cc cc cc cc cc
  0x00007ffa2f3925f4:   cc cc cc cc cc cc cc cc cc cc cc cc cc cc cc cc
  0x00007ffa2f392604:   cc cc cc cc cc cc cc cc cc cc cc cc cc cc cc cc
  0x00007ffa2f392614:   cc cc cc cc cc cc cc cc cc cc cc cc cc cc cc cc
  0x00007ffa2f392624:   cc cc cc cc cc cc cc cc cc cc cc cc cc cc cc cc
  0x00007ffa2f392634:   cc cc cc cc cc cc cc cc cc cc cc cc cc cc cc cc
  0x00007ffa2f392644:   cc cc cc cc cc cc cc cc cc cc cc cc 40 57 48 83
  0x00007ffa2f392654:   ec 20 48 8b f9 48 8b 0d 10 28 14 00 48 85 c9 74
  0x00007ffa2f392664:   20 48 8b 01 48 8d 54 24 38 41 b8 06 00 01 00 4c
  0x00007ffa2f392674:   8b 48 30 41 ff d1 85 c0 75 07 48 8b 4c 24 38 eb
  0x00007ffa2f392684:   02 33 c9 4c 8b 05 ea 28 14 00 48 89 5c 24 30 4d
  0x00007ffa2f392694:   85 c0 74 4a 48 8b 01 48 8b d7 4c 8b 88 28 03 00
  0x00007ffa2f3926a4:   00 41 ff d1 48 85 c0 74 35 48 63 0d f8 e6 13 00
  0x00007ffa2f3926b4:   48 8b 14 01 48 85 d2 74 15 48 63 05 fc e6 13 00
=>0x00007ffa2f3926c4:   8b 04 10 48 8b 5c 24 30 48 83 c4 20 5f c3 b8 ff
  0x00007ffa2f3926d4:   ff ff ff 48 8b 5c 24 30 48 83 c4 20 5f c3 80 3d
  0x00007ffa2f3926e4:   9b 27 14 00 00 bb ff ff ff ff 74 20 4c 8b 0d 31
  0x00007ffa2f3926f4:   24 14 00 4c 8d 44 24 38 48 8b 0d 15 24 14 00 48
  0x00007ffa2f392704:   8b d7 41 ff d1 85 c0 0f 44 5c 24 38 8b c3 48 8b
  0x00007ffa2f392714:   5c 24 30 48 83 c4 20 5f c3 cc cc cc cc cc cc cc
  0x00007ffa2f392724:   cc cc cc cc cc cc cc cc cc cc cc cc cc cc cc cc
  0x00007ffa2f392734:   cc cc cc cc cc cc cc cc cc cc cc cc cc cc cc cc
  0x00007ffa2f392744:   cc cc cc cc cc cc cc cc cc cc cc cc 48 89 54 24
  0x00007ffa2f392754:   10 53 55 56 57 41 56 41 57 48 83 ec 28 48 8b f2
  0x00007ffa2f392764:   4c 8b f1 48 89 4c 24 78 45 33 ff 44 89 7c 24 68
  0x00007ffa2f392774:   c7 44 24 60 01 00 00 00 48 8d 4c 24 68 e8 ed 42
  0x00007ffa2f392784:   f7 ff 8b d8 48 8d 4c 24 60 e8 e1 42 f7 ff 8b e8
  0x00007ffa2f392794:   49 8b ce e8 00 fc f6 ff 48 8b f8 90 8b c3 f0 0f
  0x00007ffa2f3927a4:   b1 2f 74 04 f3 90 eb f4 4c 89 3e 4c 89 7e 08 4c
  0x00007ffa2f3927b4:   89 7e 10 49 8b 6e 08 4d 8b 76 10 49 3b ee 0f 84


Stack slot to memory mapping:

stack at sp + 0 slots: 0x0000008e760ff110 is pointing into the stack for thread: 0x000001b1fc75e4c0
stack at sp + 1 slots: 0x000001b1c5078760 points into unknown readable memory: 0x0000000087ff3888 | 88 38 ff 87 00 00 00 00
stack at sp + 2 slots: 0x0 is null
stack at sp + 3 slots: 0x000001b1fc75ec10 points into unknown readable memory: 0x6e616c2e6176616a | 6a 61 76 61 2e 6c 61 6e
stack at sp + 4 slots: 0x000000000000001f is an unknown value
stack at sp + 5 slots: 0x00007ffa2f392b9b libasyncProfiler.dll
stack at sp + 6 slots: 0x0 is null
stack at sp + 7 slots: 0x000001b1fc75e888 points into unknown readable memory: 0x00007ffa18e317b0 | b0 17 e3 18 fa 7f 00 00

Lock stack of current Java thread (top to bottom):


---------------  P R O C E S S  ---------------

Threads class SMR info:
_java_thread_list=0x000001b1c6a70480, length=19, elements={
0x000001b1dde60ca0, 0x000001b1fc7579c0, 0x000001b1fc7589b0, 0x000001b1fc75b980,
0x000001b1fc75e4c0, 0x000001b1fc75eff0, 0x000001b1fc75fb20, 0x000001b1fc7736e0,
0x000001b1fc798690, 0x000001b1c51abb50, 0x000001b1c51b84f0, 0x000001b1c51b8c30,
0x000001b1c58bd570, 0x000001b1c58bfa00, 0x000001b1c58c0150, 0x000001b1c58bdcc0,
0x000001b1c58bf2b0, 0x000001b1c6280660, 0x000001b1c627ff10
}

Java Threads: ( => current thread )
  0x000001b1dde60ca0 JavaThread "main"                              [_thread_in_native, id=4224, stack(0x0000008e75500000,0x0000008e75600000) (1024K)]
  0x000001b1fc7579c0 JavaThread "Reference Handler"          daemon [_thread_blocked, id=12728, stack(0x0000008e75d00000,0x0000008e75e00000) (1024K)]
  0x000001b1fc7589b0 JavaThread "Finalizer"                  daemon [_thread_blocked, id=4208, stack(0x0000008e75e00000,0x0000008e75f00000) (1024K)]
  0x000001b1fc75b980 JavaThread "Signal Dispatcher"          daemon [_thread_blocked, id=10004, stack(0x0000008e75f00000,0x0000008e76000000) (1024K)]
=>0x000001b1fc75e4c0 JavaThread "Attach Listener"            daemon [_thread_in_native, id=14744, stack(0x0000008e76000000,0x0000008e76100000) (1024K)]
  0x000001b1fc75eff0 JavaThread "Service Thread"             daemon [_thread_blocked, id=1240, stack(0x0000008e76100000,0x0000008e76200000) (1024K)]
  0x000001b1fc75fb20 JavaThread "Monitor Deflation Thread"   daemon [_thread_blocked, id=3436, stack(0x0000008e76200000,0x0000008e76300000) (1024K)]
  0x000001b1fc7736e0 JavaThread "C2 CompilerThread0"         daemon [_thread_blocked, id=13940, stack(0x0000008e76300000,0x0000008e76400000) (1024K)]
  0x000001b1fc798690 JavaThread "C1 CompilerThread0"         daemon [_thread_blocked, id=12788, stack(0x0000008e76400000,0x0000008e76500000) (1024K)]
  0x000001b1c51abb50 JavaThread "Common-Cleaner"             daemon [_thread_blocked, id=11780, stack(0x0000008e76500000,0x0000008e76600000) (1024K)]
  0x000001b1c51b84f0 JavaThread "Monitor Ctrl-Break"         daemon [_thread_in_native, id=1348, stack(0x0000008e76600000,0x0000008e76700000) (1024K)]
  0x000001b1c51b8c30 JavaThread "Notification Thread"        daemon [_thread_blocked, id=9784, stack(0x0000008e76700000,0x0000008e76800000) (1024K)]
  0x000001b1c58bd570 JavaThread "RMI TCP Accept-0"           daemon [_thread_in_native, id=6940, stack(0x0000008e76900000,0x0000008e76a00000) (1024K)]
  0x000001b1c58bfa00 JavaThread "RMI TCP Connection(1)-192.168.1.4" daemon [_thread_in_native, id=15944, stack(0x0000008e76a00000,0x0000008e76b00000) (1024K)]
  0x000001b1c58c0150 JavaThread "RMI Scheduler(0)"           daemon [_thread_blocked, id=8600, stack(0x0000008e76b00000,0x0000008e76c00000) (1024K)]
  0x000001b1c58bdcc0 JavaThread "JMX server connection timeout 29" daemon [_thread_blocked, id=9028, stack(0x0000008e76c00000,0x0000008e76d00000) (1024K)]
  0x000001b1c58bf2b0 JavaThread "mysql-cj-abandoned-connection-cleanup" daemon [_thread_blocked, id=15480, stack(0x0000008e76800000,0x0000008e76900000) (1024K)]
  0x000001b1c6280660 JavaThread "JFR Recorder Thread"        daemon [_thread_in_native, id=6788, stack(0x0000008e75200000,0x0000008e75300000) (1024K)]
  0x000001b1c627ff10 JavaThread "JFR Periodic Tasks"         daemon [_thread_blocked, id=9420, stack(0x0000008e75400000,0x0000008e75500000) (1024K)]
Total: 19

Other Threads:
  0x000001b1fc743fb0 VMThread "VM Thread"                           [id=12164, stack(0x0000008e75c00000,0x0000008e75d00000) (1024K)]
  0x000001b1fc7362c0 WatcherThread "VM Periodic Task Thread"        [id=8352, stack(0x0000008e75b00000,0x0000008e75c00000) (1024K)]
  0x000001b1e0195810 WorkerThread "GC Thread#0"                     [id=8656, stack(0x0000008e75600000,0x0000008e75700000) (1024K)]
  0x000001b1c5336690 WorkerThread "GC Thread#1"                     [id=2988, stack(0x0000008e76e00000,0x0000008e76f00000) (1024K)]
  0x000001b1c53341b0 WorkerThread "GC Thread#2"                     [id=10688, stack(0x0000008e76f00000,0x0000008e77000000) (1024K)]
  0x000001b1c5337550 WorkerThread "GC Thread#3"                     [id=14132, stack(0x0000008e77000000,0x0000008e77100000) (1024K)]
  0x000001b1e01aa400 ConcurrentGCThread "G1 Main Marker"            [id=3364, stack(0x0000008e75700000,0x0000008e75800000) (1024K)]
  0x000001b1e01ab090 WorkerThread "G1 Conc#0"                       [id=14776, stack(0x0000008e75800000,0x0000008e75900000) (1024K)]
  0x000001b1fc6050e0 ConcurrentGCThread "G1 Refine#0"               [id=9076, stack(0x0000008e75900000,0x0000008e75a00000) (1024K)]
  0x000001b1fc605bf0 ConcurrentGCThread "G1 Service"                [id=12152, stack(0x0000008e75a00000,0x0000008e75b00000) (1024K)]
Total: 10

Threads with active compile tasks:
Total: 0

VM state: not at safepoint (normal execution)

VM Mutex/Monitor currently owned by a thread: None

Heap address: 0x0000000081c00000, size: 2020 MB, Compressed Oops mode: 32-bit

CDS archive(s) mapped at: [0x000001b180000000-0x000001b180d40000-0x000001b180d40000), size 13893632, SharedBaseAddress: 0x000001b180000000, ArchiveRelocationMode: 1.
Compressed class space mapped at: 0x000001b181000000-0x000001b1c1000000, reserved size: 1073741824
UseCompressedClassPointers 1, UseCompactObjectHeaders 0
Narrow klass pointer bits 32, Max shift 3
Narrow klass base: 0x000001b180000000, Narrow klass shift: 0
Encoding Range: [0x000001b180000000 - 0x000001b280000000), (4294967296 bytes)
Klass Range:    [0x000001b180000000 - 0x000001b1c1000000), (1090519040 bytes)
Klass ID Range:  [8 - 1090519033) (1090519025)

GC Precious Log:
 CardTable entry size: 512
 Card Set container configuration: InlinePtr #cards 5 size 8 Array Of Cards #cards 10 size 36 Howl #buckets 4 coarsen threshold 1843 Howl Bitmap #cards 512 size 80 coarsen threshold 460 Card regions per heap region 1 cards per card region 2048
 CPUs: 4 total, 4 available
 Memory: 8075M
 Large Page Support: Disabled
 NUMA Support: Disabled
 Compressed Oops: Enabled (32-bit)
 Heap Region Size: 1M
 Heap Min Capacity: 8M
 Heap Initial Capacity: 128M
 Heap Max Capacity: 2020M
 Pre-touch: Disabled
 Parallel Workers: 4
 Concurrent Workers: 1
 Concurrent Refinement Workers: 4
 Periodic GC: Disabled

Heap:
 garbage-first heap   total reserved 2068480K, committed 133120K, used 37087K [0x0000000081c00000, 0x0000000100000000)
  region size 1024K, 36 young (36864K), 4 survivors (4096K)
 Metaspace       used 16698K, committed 16960K, reserved 1114112K
  class space    used 1540K, committed 1664K, reserved 1048576K

Heap Regions: E=young(eden), S=young(survivor), O=old, HS=humongous(starts), HC=humongous(continues), CS=collection set, F=free, TAMS=top-at-mark-start, PB=parsable bottom
|   0|0x0000000081c00000, 0x0000000081c1aa90, 0x0000000081d00000| 10%| O|  |TAMS 0x0000000081c00000| PB 0x0000000081c00000| Untracked |  0
|   1|0x0000000081d00000, 0x0000000081d00000, 0x0000000081e00000|  0%| F|  |TAMS 0x0000000081d00000| PB 0x0000000081d00000| Untracked |  0
|   2|0x0000000081e00000, 0x0000000081e00000, 0x0000000081f00000|  0%| F|  |TAMS 0x0000000081e00000| PB 0x0000000081e00000| Untracked |  0
|   3|0x0000000081f00000, 0x0000000081f00000, 0x0000000082000000|  0%| F|  |TAMS 0x0000000081f00000| PB 0x0000000081f00000| Untracked |  0
|   4|0x0000000082000000, 0x0000000082000000, 0x0000000082100000|  0%| F|  |TAMS 0x0000000082000000| PB 0x0000000082000000| Untracked |  0
|   5|0x0000000082100000, 0x0000000082100000, 0x0000000082200000|  0%| F|  |TAMS 0x0000000082100000| PB 0x0000000082100000| Untracked |  0
|   6|0x0000000082200000, 0x0000000082200000, 0x0000000082300000|  0%| F|  |TAMS 0x0000000082200000| PB 0x0000000082200000| Untracked |  0
|   7|0x0000000082300000, 0x0000000082300000, 0x0000000082400000|  0%| F|  |TAMS 0x0000000082300000| PB 0x0000000082300000| Untracked |  0
|   8|0x0000000082400000, 0x0000000082400000, 0x0000000082500000|  0%| F|  |TAMS 0x0000000082400000| PB 0x0000000082400000| Untracked |  0
|   9|0x0000000082500000, 0x0000000082500000, 0x0000000082600000|  0%| F|  |TAMS 0x0000000082500000| PB 0x0000000082500000| Untracked |  0
|  10|0x0000000082600000, 0x0000000082600000, 0x0000000082700000|  0%| F|  |TAMS 0x0000000082600000| PB 0x0000000082600000| Untracked |  0
|  11|0x0000000082700000, 0x0000000082700000, 0x0000000082800000|  0%| F|  |TAMS 0x0000000082700000| PB 0x0000000082700000| Untracked |  0
|  12|0x0000000082800000, 0x0000000082800000, 0x0000000082900000|  0%| F|  |TAMS 0x0000000082800000| PB 0x0000000082800000| Untracked |  0
|  13|0x0000000082900000, 0x0000000082900000, 0x0000000082a00000|  0%| F|  |TAMS 0x0000000082900000| PB 0x0000000082900000| Untracked |  0
|  14|0x0000000082a00000, 0x0000000082a00000, 0x0000000082b00000|  0%| F|  |TAMS 0x0000000082a00000| PB 0x0000000082a00000| Untracked |  0
|  15|0x0000000082b00000, 0x0000000082b00000, 0x0000000082c00000|  0%| F|  |TAMS 0x0000000082b00000| PB 0x0000000082b00000| Untracked |  0
|  16|0x0000000082c00000, 0x0000000082c00000, 0x0000000082d00000|  0%| F|  |TAMS 0x0000000082c00000| PB 0x0000000082c00000| Untracked |  0
|  17|0x0000000082d00000, 0x0000000082d00000, 0x0000000082e00000|  0%| F|  |TAMS 0x0000000082d00000| PB 0x0000000082d00000| Untracked |  0
|  18|0x0000000082e00000, 0x0000000082e00000, 0x0000000082f00000|  0%| F|  |TAMS 0x0000000082e00000| PB 0x0000000082e00000| Untracked |  0
|  19|0x0000000082f00000, 0x0000000082f00000, 0x0000000083000000|  0%| F|  |TAMS 0x0000000082f00000| PB 0x0000000082f00000| Untracked |  0
|  20|0x0000000083000000, 0x0000000083000000, 0x0000000083100000|  0%| F|  |TAMS 0x0000000083000000| PB 0x0000000083000000| Untracked |  0
|  21|0x0000000083100000, 0x0000000083100000, 0x0000000083200000|  0%| F|  |TAMS 0x0000000083100000| PB 0x0000000083100000| Untracked |  0
|  22|0x0000000083200000, 0x0000000083200000, 0x0000000083300000|  0%| F|  |TAMS 0x0000000083200000| PB 0x0000000083200000| Untracked |  0
|  23|0x0000000083300000, 0x0000000083300000, 0x0000000083400000|  0%| F|  |TAMS 0x0000000083300000| PB 0x0000000083300000| Untracked |  0
|  24|0x0000000083400000, 0x0000000083400000, 0x0000000083500000|  0%| F|  |TAMS 0x0000000083400000| PB 0x0000000083400000| Untracked |  0
|  25|0x0000000083500000, 0x0000000083500000, 0x0000000083600000|  0%| F|  |TAMS 0x0000000083500000| PB 0x0000000083500000| Untracked |  0
|  26|0x0000000083600000, 0x0000000083600000, 0x0000000083700000|  0%| F|  |TAMS 0x0000000083600000| PB 0x0000000083600000| Untracked |  0
|  27|0x0000000083700000, 0x0000000083700000, 0x0000000083800000|  0%| F|  |TAMS 0x0000000083700000| PB 0x0000000083700000| Untracked |  0
|  28|0x0000000083800000, 0x0000000083800000, 0x0000000083900000|  0%| F|  |TAMS 0x0000000083800000| PB 0x0000000083800000| Untracked |  0
|  29|0x0000000083900000, 0x0000000083900000, 0x0000000083a00000|  0%| F|  |TAMS 0x0000000083900000| PB 0x0000000083900000| Untracked |  0
|  30|0x0000000083a00000, 0x0000000083a00000, 0x0000000083b00000|  0%| F|  |TAMS 0x0000000083a00000| PB 0x0000000083a00000| Untracked |  0
|  31|0x0000000083b00000, 0x0000000083b00000, 0x0000000083c00000|  0%| F|  |TAMS 0x0000000083b00000| PB 0x0000000083b00000| Untracked |  0
|  32|0x0000000083c00000, 0x0000000083c00000, 0x0000000083d00000|  0%| F|  |TAMS 0x0000000083c00000| PB 0x0000000083c00000| Untracked |  0
|  33|0x0000000083d00000, 0x0000000083d00000, 0x0000000083e00000|  0%| F|  |TAMS 0x0000000083d00000| PB 0x0000000083d00000| Untracked |  0
|  34|0x0000000083e00000, 0x0000000083e00000, 0x0000000083f00000|  0%| F|  |TAMS 0x0000000083e00000| PB 0x0000000083e00000| Untracked |  0
|  35|0x0000000083f00000, 0x0000000083f00000, 0x0000000084000000|  0%| F|  |TAMS 0x0000000083f00000| PB 0x0000000083f00000| Untracked |  0
|  36|0x0000000084000000, 0x0000000084000000, 0x0000000084100000|  0%| F|  |TAMS 0x0000000084000000| PB 0x0000000084000000| Untracked |  0
|  37|0x0000000084100000, 0x0000000084100000, 0x0000000084200000|  0%| F|  |TAMS 0x0000000084100000| PB 0x0000000084100000| Untracked |  0
|  38|0x0000000084200000, 0x0000000084200000, 0x0000000084300000|  0%| F|  |TAMS 0x0000000084200000| PB 0x0000000084200000| Untracked |  0
|  39|0x0000000084300000, 0x0000000084300000, 0x0000000084400000|  0%| F|  |TAMS 0x0000000084300000| PB 0x0000000084300000| Untracked |  0
|  40|0x0000000084400000, 0x0000000084400000, 0x0000000084500000|  0%| F|  |TAMS 0x0000000084400000| PB 0x0000000084400000| Untracked |  0
|  41|0x0000000084500000, 0x0000000084500000, 0x0000000084600000|  0%| F|  |TAMS 0x0000000084500000| PB 0x0000000084500000| Untracked |  0
|  42|0x0000000084600000, 0x0000000084600000, 0x0000000084700000|  0%| F|  |TAMS 0x0000000084600000| PB 0x0000000084600000| Untracked |  0
|  43|0x0000000084700000, 0x0000000084700000, 0x0000000084800000|  0%| F|  |TAMS 0x0000000084700000| PB 0x0000000084700000| Untracked |  0
|  44|0x0000000084800000, 0x0000000084800000, 0x0000000084900000|  0%| F|  |TAMS 0x0000000084800000| PB 0x0000000084800000| Untracked |  0
|  45|0x0000000084900000, 0x0000000084900000, 0x0000000084a00000|  0%| F|  |TAMS 0x0000000084900000| PB 0x0000000084900000| Untracked |  0
|  46|0x0000000084a00000, 0x0000000084a00000, 0x0000000084b00000|  0%| F|  |TAMS 0x0000000084a00000| PB 0x0000000084a00000| Untracked |  0
|  47|0x0000000084b00000, 0x0000000084b00000, 0x0000000084c00000|  0%| F|  |TAMS 0x0000000084b00000| PB 0x0000000084b00000| Untracked |  0
|  48|0x0000000084c00000, 0x0000000084c00000, 0x0000000084d00000|  0%| F|  |TAMS 0x0000000084c00000| PB 0x0000000084c00000| Untracked |  0
|  49|0x0000000084d00000, 0x0000000084d00000, 0x0000000084e00000|  0%| F|  |TAMS 0x0000000084d00000| PB 0x0000000084d00000| Untracked |  0
|  50|0x0000000084e00000, 0x0000000084e00000, 0x0000000084f00000|  0%| F|  |TAMS 0x0000000084e00000| PB 0x0000000084e00000| Untracked |  0
|  51|0x0000000084f00000, 0x0000000084f00000, 0x0000000085000000|  0%| F|  |TAMS 0x0000000084f00000| PB 0x0000000084f00000| Untracked |  0
|  52|0x0000000085000000, 0x0000000085000000, 0x0000000085100000|  0%| F|  |TAMS 0x0000000085000000| PB 0x0000000085000000| Untracked |  0
|  53|0x0000000085100000, 0x0000000085100000, 0x0000000085200000|  0%| F|  |TAMS 0x0000000085100000| PB 0x0000000085100000| Untracked |  0
|  54|0x0000000085200000, 0x0000000085200000, 0x0000000085300000|  0%| F|  |TAMS 0x0000000085200000| PB 0x0000000085200000| Untracked |  0
|  55|0x0000000085300000, 0x0000000085300000, 0x0000000085400000|  0%| F|  |TAMS 0x0000000085300000| PB 0x0000000085300000| Untracked |  0
|  56|0x0000000085400000, 0x0000000085400000, 0x0000000085500000|  0%| F|  |TAMS 0x0000000085400000| PB 0x0000000085400000| Untracked |  0
|  57|0x0000000085500000, 0x0000000085500000, 0x0000000085600000|  0%| F|  |TAMS 0x0000000085500000| PB 0x0000000085500000| Untracked |  0
|  58|0x0000000085600000, 0x0000000085600000, 0x0000000085700000|  0%| F|  |TAMS 0x0000000085600000| PB 0x0000000085600000| Untracked |  0
|  59|0x0000000085700000, 0x0000000085700000, 0x0000000085800000|  0%| F|  |TAMS 0x0000000085700000| PB 0x0000000085700000| Untracked |  0
|  60|0x0000000085800000, 0x0000000085800000, 0x0000000085900000|  0%| F|  |TAMS 0x0000000085800000| PB 0x0000000085800000| Untracked |  0
|  61|0x0000000085900000, 0x0000000085900000, 0x0000000085a00000|  0%| F|  |TAMS 0x0000000085900000| PB 0x0000000085900000| Untracked |  0
|  62|0x0000000085a00000, 0x0000000085a00000, 0x0000000085b00000|  0%| F|  |TAMS 0x0000000085a00000| PB 0x0000000085a00000| Untracked |  0
|  63|0x0000000085b00000, 0x0000000085b00000, 0x0000000085c00000|  0%| F|  |TAMS 0x0000000085b00000| PB 0x0000000085b00000| Untracked |  0
|  64|0x0000000085c00000, 0x0000000085c00000, 0x0000000085d00000|  0%| F|  |TAMS 0x0000000085c00000| PB 0x0000000085c00000| Untracked |  0
|  65|0x0000000085d00000, 0x0000000085d00000, 0x0000000085e00000|  0%| F|  |TAMS 0x0000000085d00000| PB 0x0000000085d00000| Untracked |  0
|  66|0x0000000085e00000, 0x0000000085e00000, 0x0000000085f00000|  0%| F|  |TAMS 0x0000000085e00000| PB 0x0000000085e00000| Untracked |  0
|  67|0x0000000085f00000, 0x0000000085f00000, 0x0000000086000000|  0%| F|  |TAMS 0x0000000085f00000| PB 0x0000000085f00000| Untracked |  0
|  68|0x0000000086000000, 0x0000000086000000, 0x0000000086100000|  0%| F|  |TAMS 0x0000000086000000| PB 0x0000000086000000| Untracked |  0
|  69|0x0000000086100000, 0x0000000086100000, 0x0000000086200000|  0%| F|  |TAMS 0x0000000086100000| PB 0x0000000086100000| Untracked |  0
|  70|0x0000000086200000, 0x0000000086200000, 0x0000000086300000|  0%| F|  |TAMS 0x0000000086200000| PB 0x0000000086200000| Untracked |  0
|  71|0x0000000086300000, 0x0000000086300000, 0x0000000086400000|  0%| F|  |TAMS 0x0000000086300000| PB 0x0000000086300000| Untracked |  0
|  72|0x0000000086400000, 0x0000000086400000, 0x0000000086500000|  0%| F|  |TAMS 0x0000000086400000| PB 0x0000000086400000| Untracked |  0
|  73|0x0000000086500000, 0x0000000086500000, 0x0000000086600000|  0%| F|  |TAMS 0x0000000086500000| PB 0x0000000086500000| Untracked |  0
|  74|0x0000000086600000, 0x0000000086600000, 0x0000000086700000|  0%| F|  |TAMS 0x0000000086600000| PB 0x0000000086600000| Untracked |  0
|  75|0x0000000086700000, 0x0000000086700000, 0x0000000086800000|  0%| F|  |TAMS 0x0000000086700000| PB 0x0000000086700000| Untracked |  0
|  76|0x0000000086800000, 0x0000000086800000, 0x0000000086900000|  0%| F|  |TAMS 0x0000000086800000| PB 0x0000000086800000| Untracked |  0
|  77|0x0000000086900000, 0x0000000086900000, 0x0000000086a00000|  0%| F|  |TAMS 0x0000000086900000| PB 0x0000000086900000| Untracked |  0
|  78|0x0000000086a00000, 0x0000000086a00000, 0x0000000086b00000|  0%| F|  |TAMS 0x0000000086a00000| PB 0x0000000086a00000| Untracked |  0
|  79|0x0000000086b00000, 0x0000000086b00000, 0x0000000086c00000|  0%| F|  |TAMS 0x0000000086b00000| PB 0x0000000086b00000| Untracked |  0
|  80|0x0000000086c00000, 0x0000000086c00000, 0x0000000086d00000|  0%| F|  |TAMS 0x0000000086c00000| PB 0x0000000086c00000| Untracked |  0
|  81|0x0000000086d00000, 0x0000000086d00000, 0x0000000086e00000|  0%| F|  |TAMS 0x0000000086d00000| PB 0x0000000086d00000| Untracked |  0
|  82|0x0000000086e00000, 0x0000000086e00000, 0x0000000086f00000|  0%| F|  |TAMS 0x0000000086e00000| PB 0x0000000086e00000| Untracked |  0
|  83|0x0000000086f00000, 0x0000000086f00000, 0x0000000087000000|  0%| F|  |TAMS 0x0000000086f00000| PB 0x0000000086f00000| Untracked |  0
|  84|0x0000000087000000, 0x0000000087000000, 0x0000000087100000|  0%| F|  |TAMS 0x0000000087000000| PB 0x0000000087000000| Untracked |  0
|  85|0x0000000087100000, 0x0000000087100000, 0x0000000087200000|  0%| F|  |TAMS 0x0000000087100000| PB 0x0000000087100000| Untracked |  0
|  86|0x0000000087200000, 0x0000000087200000, 0x0000000087300000|  0%| F|  |TAMS 0x0000000087200000| PB 0x0000000087200000| Untracked |  0
|  87|0x0000000087300000, 0x0000000087300000, 0x0000000087400000|  0%| F|  |TAMS 0x0000000087300000| PB 0x0000000087300000| Untracked |  0
|  88|0x0000000087400000, 0x0000000087400000, 0x0000000087500000|  0%| F|  |TAMS 0x0000000087400000| PB 0x0000000087400000| Untracked |  0
|  89|0x0000000087500000, 0x0000000087500000, 0x0000000087600000|  0%| F|  |TAMS 0x0000000087500000| PB 0x0000000087500000| Untracked |  0
|  90|0x0000000087600000, 0x0000000087600000, 0x0000000087700000|  0%| F|  |TAMS 0x0000000087600000| PB 0x0000000087600000| Untracked |  0
|  91|0x0000000087700000, 0x0000000087700000, 0x0000000087800000|  0%| F|  |TAMS 0x0000000087700000| PB 0x0000000087700000| Untracked |  0
|  92|0x0000000087800000, 0x0000000087849788, 0x0000000087900000| 28%| E|  |TAMS 0x0000000087800000| PB 0x0000000087800000| Complete |  0
|  93|0x0000000087900000, 0x0000000087a00000, 0x0000000087a00000|100%| E|CS|TAMS 0x0000000087900000| PB 0x0000000087900000| Complete |  0
|  94|0x0000000087a00000, 0x0000000087b00000, 0x0000000087b00000|100%| E|CS|TAMS 0x0000000087a00000| PB 0x0000000087a00000| Complete |  0
|  95|0x0000000087b00000, 0x0000000087c00000, 0x0000000087c00000|100%| E|CS|TAMS 0x0000000087b00000| PB 0x0000000087b00000| Complete |  0
|  96|0x0000000087c00000, 0x0000000087d00000, 0x0000000087d00000|100%| S|CS|TAMS 0x0000000087c00000| PB 0x0000000087c00000| Complete |  0
|  97|0x0000000087d00000, 0x0000000087e00000, 0x0000000087e00000|100%| S|CS|TAMS 0x0000000087d00000| PB 0x0000000087d00000| Complete |  0
|  98|0x0000000087e00000, 0x0000000087f00000, 0x0000000087f00000|100%| S|CS|TAMS 0x0000000087e00000| PB 0x0000000087e00000| Complete |  0
|  99|0x0000000087f00000, 0x0000000088000000, 0x0000000088000000|100%| S|CS|TAMS 0x0000000087f00000| PB 0x0000000087f00000| Complete |  0
| 100|0x0000000088000000, 0x0000000088100000, 0x0000000088100000|100%| E|CS|TAMS 0x0000000088000000| PB 0x0000000088000000| Complete |  0
| 101|0x0000000088100000, 0x0000000088200000, 0x0000000088200000|100%| E|CS|TAMS 0x0000000088100000| PB 0x0000000088100000| Complete |  0
| 102|0x0000000088200000, 0x0000000088300000, 0x0000000088300000|100%| E|CS|TAMS 0x0000000088200000| PB 0x0000000088200000| Complete |  0
| 103|0x0000000088300000, 0x0000000088400000, 0x0000000088400000|100%| E|CS|TAMS 0x0000000088300000| PB 0x0000000088300000| Complete |  0
| 104|0x0000000088400000, 0x0000000088500000, 0x0000000088500000|100%| E|CS|TAMS 0x0000000088400000| PB 0x0000000088400000| Complete |  0
| 105|0x0000000088500000, 0x0000000088600000, 0x0000000088600000|100%| E|CS|TAMS 0x0000000088500000| PB 0x0000000088500000| Complete |  0
| 106|0x0000000088600000, 0x0000000088700000, 0x0000000088700000|100%| E|CS|TAMS 0x0000000088600000| PB 0x0000000088600000| Complete |  0
| 107|0x0000000088700000, 0x0000000088800000, 0x0000000088800000|100%| E|CS|TAMS 0x0000000088700000| PB 0x0000000088700000| Complete |  0
| 108|0x0000000088800000, 0x0000000088900000, 0x0000000088900000|100%| E|CS|TAMS 0x0000000088800000| PB 0x0000000088800000| Complete |  0
| 109|0x0000000088900000, 0x0000000088a00000, 0x0000000088a00000|100%| E|CS|TAMS 0x0000000088900000| PB 0x0000000088900000| Complete |  0
| 110|0x0000000088a00000, 0x0000000088b00000, 0x0000000088b00000|100%| E|CS|TAMS 0x0000000088a00000| PB 0x0000000088a00000| Complete |  0
| 111|0x0000000088b00000, 0x0000000088c00000, 0x0000000088c00000|100%| E|CS|TAMS 0x0000000088b00000| PB 0x0000000088b00000| Complete |  0
| 112|0x0000000088c00000, 0x0000000088d00000, 0x0000000088d00000|100%| E|CS|TAMS 0x0000000088c00000| PB 0x0000000088c00000| Complete |  0
| 113|0x0000000088d00000, 0x0000000088e00000, 0x0000000088e00000|100%| E|CS|TAMS 0x0000000088d00000| PB 0x0000000088d00000| Complete |  0
| 114|0x0000000088e00000, 0x0000000088f00000, 0x0000000088f00000|100%| E|CS|TAMS 0x0000000088e00000| PB 0x0000000088e00000| Complete |  0
| 115|0x0000000088f00000, 0x0000000089000000, 0x0000000089000000|100%| E|CS|TAMS 0x0000000088f00000| PB 0x0000000088f00000| Complete |  0
| 116|0x0000000089000000, 0x0000000089100000, 0x0000000089100000|100%| E|CS|TAMS 0x0000000089000000| PB 0x0000000089000000| Complete |  0
| 117|0x0000000089100000, 0x0000000089200000, 0x0000000089200000|100%| E|CS|TAMS 0x0000000089100000| PB 0x0000000089100000| Complete |  0
| 118|0x0000000089200000, 0x0000000089300000, 0x0000000089300000|100%| E|CS|TAMS 0x0000000089200000| PB 0x0000000089200000| Complete |  0
| 119|0x0000000089300000, 0x0000000089400000, 0x0000000089400000|100%| E|CS|TAMS 0x0000000089300000| PB 0x0000000089300000| Complete |  0
| 120|0x0000000089400000, 0x0000000089500000, 0x0000000089500000|100%| E|CS|TAMS 0x0000000089400000| PB 0x0000000089400000| Complete |  0
| 121|0x0000000089500000, 0x0000000089600000, 0x0000000089600000|100%| E|CS|TAMS 0x0000000089500000| PB 0x0000000089500000| Complete |  0
| 122|0x0000000089600000, 0x0000000089700000, 0x0000000089700000|100%| E|CS|TAMS 0x0000000089600000| PB 0x0000000089600000| Complete |  0
| 123|0x0000000089700000, 0x0000000089800000, 0x0000000089800000|100%| E|CS|TAMS 0x0000000089700000| PB 0x0000000089700000| Complete |  0
| 124|0x0000000089800000, 0x0000000089900000, 0x0000000089900000|100%| E|CS|TAMS 0x0000000089800000| PB 0x0000000089800000| Complete |  0
| 125|0x0000000089900000, 0x0000000089a00000, 0x0000000089a00000|100%| E|CS|TAMS 0x0000000089900000| PB 0x0000000089900000| Complete |  0
| 126|0x0000000089a00000, 0x0000000089b00000, 0x0000000089b00000|100%| E|CS|TAMS 0x0000000089a00000| PB 0x0000000089a00000| Complete |  0
| 127|0x0000000089b00000, 0x0000000089c00000, 0x0000000089c00000|100%| E|CS|TAMS 0x0000000089b00000| PB 0x0000000089b00000| Complete |  0
|2018|0x00000000ffe00000, 0x00000000fff00000, 0x00000000fff00000|100%| O|  |TAMS 0x00000000ffe00000| PB 0x00000000ffe00000| Untracked |  0
|2019|0x00000000fff00000, 0x00000000fff1d1c0, 0x0000000100000000| 11%| O|  |TAMS 0x00000000fff00000| PB 0x00000000fff00000| Untracked |  0

Card table byte_map: [0x000001b1f7df0000,0x000001b1f81f0000] _byte_map_base: 0x000001b1f79e2000

Marking Bits: (CMBitMap*) 0x000001b1e0195f20
 Bits: [0x000001b1f81f0000, 0x000001b1fa180000)

Polling page: 0x000001b1df920000

Metaspace:

Usage:
  Non-class:     14.80 MB used.
      Class:      1.50 MB used.
       Both:     16.31 MB used.

Virtual space:
  Non-class space:       64.00 MB reserved,      14.94 MB ( 23%) committed,  1 nodes.
      Class space:        1.00 GB reserved,       1.62 MB ( <1%) committed,  1 nodes.
             Both:        1.06 GB reserved,      16.56 MB (  2%) committed. 

Chunk freelists:
   Non-Class:  996.00 KB
       Class:  14.22 MB
        Both:  15.19 MB

MaxMetaspaceSize: unlimited
CompressedClassSpaceSize: 1.00 GB
Initial GC threshold: 21.00 MB
Current GC threshold: 21.00 MB
CDS: on
 - commit_granule_bytes: 65536.
 - commit_granule_words: 8192.
 - virtual_space_node_default_size: 8388608.
 - enlarge_chunks_in_place: 1.
UseCompressedClassPointers 1, UseCompactObjectHeaders 0
Narrow klass pointer bits 32, Max shift 3
Narrow klass base: 0x000001b180000000, Narrow klass shift: 0
Encoding Range: [0x000001b180000000 - 0x000001b280000000), (4294967296 bytes)
Klass Range:    [0x000001b180000000 - 0x000001b1c1000000), (1090519040 bytes)
Klass ID Range:  [8 - 1090519033) (1090519025)


Internal statistics:

num_allocs_failed_limit: 0.
num_arena_births: 268.
num_arena_deaths: 0.
num_vsnodes_births: 2.
num_vsnodes_deaths: 0.
num_space_committed: 265.
num_space_uncommitted: 0.
num_chunks_returned_to_freelist: 0.
num_chunks_taken_from_freelist: 528.
num_chunk_merges: 0.
num_chunk_splits: 317.
num_chunks_enlarged: 155.
num_inconsistent_stats: 0.

CodeHeap 'non-profiled nmethods': size=120064Kb used=1212Kb max_used=1212Kb free=118851Kb
 bounds [0x000001b1f04b0000, 0x000001b1f0720000, 0x000001b1f79f0000]
CodeHeap 'profiled nmethods': size=120000Kb used=5700Kb max_used=5700Kb free=114299Kb
 bounds [0x000001b1e89f0000, 0x000001b1e8f90000, 0x000001b1eff20000]
CodeHeap 'non-nmethods': size=5696Kb used=1444Kb max_used=1487Kb free=4251Kb
 bounds [0x000001b1eff20000, 0x000001b1f0190000, 0x000001b1f04b0000]
CodeCache: size=245760Kb, used=8356Kb, max_used=8399Kb, free=237401Kb
 total_blobs=4075, nmethods=3464, adapters=516, full_count=0
Compilation: enabled, stopped_count=0, restarted_count=0

Compilation events (20 events):
Event: 420.951 Thread 0x000001b1fc798690 nmethod 3453 0x000001b1f05dd608 code [0x000001b1f05dd700, 0x000001b1f05dd7c8]
Event: 420.951 Thread 0x000001b1fc798690 3455       1       jdk.jfr.internal.EventControl::getEventType (5 bytes)
Event: 420.952 Thread 0x000001b1c65aa8f0 nmethod 3445 0x000001b1f05dd908 code [0x000001b1f05dda00, 0x000001b1f05ddad0]
Event: 420.952 Thread 0x000001b1fc798690 nmethod 3455 0x000001b1f05ddc08 code [0x000001b1f05ddd00, 0x000001b1f05dddc8]
Event: 420.952 Thread 0x000001b1fc798690 3456       1       jdk.jfr.internal.EventControl::getSettingsId (5 bytes)
Event: 420.953 Thread 0x000001b1fc798690 nmethod 3456 0x000001b1f05ddf08 code [0x000001b1f05de000, 0x000001b1f05de0c8]
Event: 420.953 Thread 0x000001b1fc798690 3458       1       jdk.jfr.internal.PlatformEventType::isEnabled (5 bytes)
Event: 420.953 Thread 0x000001b1fc798690 nmethod 3458 0x000001b1f05de208 code [0x000001b1f05de300, 0x000001b1f05de3c8]
Event: 420.953 Thread 0x000001b1fc798690 3457       1       jdk.jfr.internal.EventControl::getNamedControls (5 bytes)
Event: 420.953 Thread 0x000001b1fc798690 nmethod 3457 0x000001b1f05de508 code [0x000001b1f05de600, 0x000001b1f05de6c8]
Event: 420.954 Thread 0x000001b1fc798690 3459   !   3       jdk.jfr.internal.Control::setValue (102 bytes)
Event: 420.960 Thread 0x000001b1fc798690 nmethod 3459 0x000001b1e8f7ec88 code [0x000001b1e8f7ef20, 0x000001b1e8f80350]
Event: 420.992 Thread 0x000001b1fc798690 3460       1       jdk.jfr.internal.periodic.EventTask::getEventType (5 bytes)
Event: 420.993 Thread 0x000001b1fc798690 nmethod 3460 0x000001b1f05de808 code [0x000001b1f05de900, 0x000001b1f05de9c8]
Event: 420.995 Thread 0x000001b1fc798690 3461       1       jdk.jfr.internal.periodic.PeriodicTask::getPeriod (5 bytes)
Event: 420.996 Thread 0x000001b1fc798690 nmethod 3461 0x000001b1f05deb08 code [0x000001b1f05dec00, 0x000001b1f05decc8]
Event: 420.996 Thread 0x000001b1fc798690 3462       3       java.util.Comparator$$Lambda/0x000001b18113a668::compare (10 bytes)
Event: 420.997 Thread 0x000001b1fc798690 nmethod 3462 0x000001b1e8f80408 code [0x000001b1e8f80560, 0x000001b1e8f809d0]
Event: 420.997 Thread 0x000001b1fc798690 3463       3       java.util.Comparator::lambda$comparingLong$6043328a$1 (18 bytes)
Event: 420.998 Thread 0x000001b1fc798690 nmethod 3463 0x000001b1e8f80a08 code [0x000001b1e8f80b60, 0x000001b1e8f80f40]

GC Heap History (2 events):
Event: 25.488 GC heap before
{Heap before GC invocations=0 (full 0):
 garbage-first heap   total reserved 2068480K, committed 133120K, used 29812K [0x0000000081c00000, 0x0000000100000000)
  region size 1024K, 28 young (28672K), 0 survivors (0K)
 Metaspace       used 9667K, committed 9984K, reserved 1114112K
  class space    used 865K, committed 1024K, reserved 1048576K
}
Event: 25.500 GC heap after
{Heap after GC invocations=1 (full 0):
 garbage-first heap   total reserved 2068480K, committed 133120K, used 5343K [0x0000000081c00000, 0x0000000100000000)
  region size 1024K, 4 young (4096K), 4 survivors (4096K)
 Metaspace       used 9667K, committed 9984K, reserved 1114112K
  class space    used 865K, committed 1024K, reserved 1048576K
}

Dll operation events (13 events):
Event: 0.050 Loaded shared library C:\Program Files\Java\jdk-24\bin\java.dll
Event: 0.179 Loaded shared library C:\Program Files\Java\jdk-24\bin\jsvml.dll
Event: 0.293 Loaded shared library C:\Program Files\Java\jdk-24\bin\zip.dll
Event: 0.312 Loaded shared library C:\Program Files\Java\jdk-24\bin\instrument.dll
Event: 0.325 Loaded shared library C:\Program Files\Java\jdk-24\bin\net.dll
Event: 0.330 Loaded shared library C:\Program Files\Java\jdk-24\bin\nio.dll
Event: 0.349 Loaded shared library C:\Program Files\Java\jdk-24\bin\zip.dll
Event: 0.419 Loaded shared library C:\Program Files\Java\jdk-24\bin\extnet.dll
Event: 0.422 Loaded shared library C:\Program Files\Java\jdk-24\bin\jimage.dll
Event: 0.649 Loaded shared library C:\Program Files\Java\jdk-24\bin\management.dll
Event: 0.672 Loaded shared library C:\Program Files\Java\jdk-24\bin\management_ext.dll
Event: 25.608 Loaded shared library C:\Program Files\Java\jdk-24\bin\sunmscapi.dll
Event: 420.421 Loaded shared library C:\Users\DELL\AppData\Local\Temp\idea_libasyncProfiler_dll_temp_folder\libasyncProfiler.dll

Deoptimization events (20 events):
Event: 420.483 Thread 0x000001b1fc75e4c0 Uncommon trap: trap_request=0xffffff4d fr.pc=0x000001b1f05a5098 relative=0x0000000000000a98
Event: 420.483 Thread 0x000001b1fc75e4c0 Uncommon trap: reason=unstable_if action=reinterpret pc=0x000001b1f05a5098 method=java.util.HashMap.hash(Ljava/lang/Object;)I @ 1 c2
Event: 420.483 Thread 0x000001b1fc75e4c0 DEOPT PACKING pc=0x000001b1f05a5098 sp=0x0000008e760fd0b0
Event: 420.483 Thread 0x000001b1fc75e4c0 DEOPT UNPACKING pc=0x000001b1f0035c02 sp=0x0000008e760fd030 mode 2
Event: 420.483 Thread 0x000001b1fc75e4c0 Uncommon trap: trap_request=0xffffff4d fr.pc=0x000001b1f051fdac relative=0x00000000000000ac
Event: 420.483 Thread 0x000001b1fc75e4c0 Uncommon trap: reason=unstable_if action=reinterpret pc=0x000001b1f051fdac method=java.util.HashMap.hash(Ljava/lang/Object;)I @ 1 c2
Event: 420.483 Thread 0x000001b1fc75e4c0 DEOPT PACKING pc=0x000001b1f051fdac sp=0x0000008e760fd090
Event: 420.483 Thread 0x000001b1fc75e4c0 DEOPT UNPACKING pc=0x000001b1f0035c02 sp=0x0000008e760fd028 mode 2
Event: 420.658 Thread 0x000001b1fc75e4c0 Uncommon trap: trap_request=0xffffff4d fr.pc=0x000001b1f05c92dc relative=0x00000000000000bc
Event: 420.658 Thread 0x000001b1fc75e4c0 Uncommon trap: reason=unstable_if action=reinterpret pc=0x000001b1f05c92dc method=jdk.jfr.internal.Type.getKnownType(Ljava/lang/Class;)Ljdk/jfr/internal/Type; @ 47 c2
Event: 420.658 Thread 0x000001b1fc75e4c0 DEOPT PACKING pc=0x000001b1f05c92dc sp=0x0000008e760fe200
Event: 420.658 Thread 0x000001b1fc75e4c0 DEOPT UNPACKING pc=0x000001b1f0035c02 sp=0x0000008e760fe198 mode 2
Event: 420.673 Thread 0x000001b1fc75e4c0 Uncommon trap: trap_request=0xffffff4d fr.pc=0x000001b1f05288a4 relative=0x0000000000000264
Event: 420.673 Thread 0x000001b1fc75e4c0 Uncommon trap: reason=unstable_if action=reinterpret pc=0x000001b1f05288a4 method=java.util.concurrent.ConcurrentHashMap.get(Ljava/lang/Object;)Ljava/lang/Object; @ 76 c2
Event: 420.673 Thread 0x000001b1fc75e4c0 DEOPT PACKING pc=0x000001b1f05288a4 sp=0x0000008e760fe220
Event: 420.673 Thread 0x000001b1fc75e4c0 DEOPT UNPACKING pc=0x000001b1f0035c02 sp=0x0000008e760fe198 mode 2
Event: 420.693 Thread 0x000001b1fc75e4c0 Uncommon trap: trap_request=0xffffffcc fr.pc=0x000001b1f05c111c relative=0x00000000000003dc
Event: 420.693 Thread 0x000001b1fc75e4c0 Uncommon trap: reason=intrinsic_or_type_checked_inlining action=make_not_entrant pc=0x000001b1f05c111c method=java.util.Arrays.copyOf([Ljava/lang/Object;ILjava/lang/Class;)[Ljava/lang/Object; @ 35 c2
Event: 420.693 Thread 0x000001b1fc75e4c0 DEOPT PACKING pc=0x000001b1f05c111c sp=0x0000008e760fe380
Event: 420.693 Thread 0x000001b1fc75e4c0 DEOPT UNPACKING pc=0x000001b1f0035c02 sp=0x0000008e760fe310 mode 2

Classes loaded (20 events):
Event: 420.815 Loading class jdk/jfr/internal/MetadataWriter
Event: 420.815 Loading class jdk/jfr/internal/MetadataWriter done
Event: 420.816 Loading class jdk/jfr/internal/MetadataDescriptor$Element
Event: 420.816 Loading class jdk/jfr/internal/MetadataDescriptor$Element done
Event: 420.817 Loading class jdk/jfr/internal/MetadataDescriptor$Attribute
Event: 420.817 Loading class jdk/jfr/internal/MetadataDescriptor$Attribute done
Event: 420.849 Loading class jdk/jfr/internal/consumer/StringParser$Encoding
Event: 420.850 Loading class jdk/jfr/internal/consumer/StringParser$Encoding done
Event: 420.873 Loading class jdk/jfr/internal/consumer/RepositoryFiles
Event: 420.874 Loading class jdk/jfr/internal/consumer/RepositoryFiles done
Event: 420.929 Loading class jdk/jfr/internal/SettingsManager$InternalSetting
Event: 420.930 Loading class jdk/jfr/internal/SettingsManager$InternalSetting done
Event: 420.938 Loading class jdk/jfr/internal/util/Rate
Event: 420.938 Loading class jdk/jfr/internal/util/Rate done
Event: 420.939 Loading class jdk/jfr/internal/util/TimespanUnit
Event: 420.940 Loading class jdk/jfr/internal/util/TimespanUnit done
Event: 420.941 Loading class jdk/jfr/internal/util/ValueParser
Event: 420.941 Loading class jdk/jfr/internal/util/ValueParser done
Event: 420.952 Loading class jdk/jfr/internal/periodic/PeriodicType
Event: 420.952 Loading class jdk/jfr/internal/periodic/PeriodicType done

Classes unloaded (0 events):
No events

Classes redefined (0 events):
No events

Internal exceptions (20 events):
Event: 75.865 Thread 0x000001b1dde60ca0 Exception <a 'java/io/IOException'{0x000000008927fa10}> (0x000000008927fa10) 
thrown [s\open\src\hotspot\share\prims\jni.cpp, line 518]
Event: 120.895 Thread 0x000001b1dde60ca0 Exception <a 'java/io/IOException'{0x00000000891cca48}> (0x00000000891cca48) 
thrown [s\open\src\hotspot\share\prims\jni.cpp, line 518]
Event: 125.136 Thread 0x000001b1dde60ca0 Exception <a 'java/io/IOException'{0x000000008905f620}> (0x000000008905f620) 
thrown [s\open\src\hotspot\share\prims\jni.cpp, line 518]
Event: 153.885 Thread 0x000001b1dde60ca0 Exception <a 'java/io/IOException'{0x0000000088f8ebd8}> (0x0000000088f8ebd8) 
thrown [s\open\src\hotspot\share\prims\jni.cpp, line 518]
Event: 168.893 Thread 0x000001b1dde60ca0 Exception <a 'java/io/IOException'{0x0000000088e4d838}> (0x0000000088e4d838) 
thrown [s\open\src\hotspot\share\prims\jni.cpp, line 518]
Event: 236.773 Thread 0x000001b1dde60ca0 Exception <a 'java/lang/NoSuchMethodError'{0x0000000088cce370}: 'java.lang.Object java.lang.invoke.DelegatingMethodHandle$Holder.reinvoke_L(java.lang.Object, java.lang.Object, int, java.lang.Object, int, double)'> (0x0000000088cce370) 
thrown [s\open\src\hotspot\share\interpreter\linkResolver.cpp, line 805]
Event: 236.778 Thread 0x000001b1dde60ca0 Exception <a 'java/io/IOException'{0x0000000088ce7cf8}> (0x0000000088ce7cf8) 
thrown [s\open\src\hotspot\share\prims\jni.cpp, line 518]
Event: 283.332 Thread 0x000001b1dde60ca0 Exception <a 'java/io/IOException'{0x0000000088a40888}> (0x0000000088a40888) 
thrown [s\open\src\hotspot\share\prims\jni.cpp, line 518]
Event: 420.482 Thread 0x000001b1fc75e4c0 Implicit null exception at 0x000001b1f05a4639 to 0x000001b1f05a5080
Event: 420.483 Thread 0x000001b1fc75e4c0 Implicit null exception at 0x000001b1f051fd20 to 0x000001b1f051fd9d
Event: 420.500 Thread 0x000001b1fc75e4c0 Exception <a 'java/lang/NoSuchMethodError'{0x0000000088682030}: 'void java.lang.invoke.DirectMethodHandle$Holder.invokeStaticInit(java.lang.Object)'> (0x0000000088682030) 
thrown [s\open\src\hotspot\share\interpreter\linkResolver.cpp, line 805]
Event: 420.512 Thread 0x000001b1fc75e4c0 Exception <a 'java/lang/NoSuchMethodError'{0x00000000886e0b08}: 'java.lang.Object java.lang.invoke.DirectMethodHandle$Holder.newInvokeSpecial(java.lang.Object, java.lang.Object, java.lang.Object, java.lang.Object, java.lang.Object)'> (0x00000000886e0b08) 
thrown [s\open\src\hotspot\share\interpreter\linkResolver.cpp, line 805]
Event: 420.574 Thread 0x000001b1fc75e4c0 Exception <a 'java/lang/NoSuchMethodError'{0x0000000088476838}: 'int java.lang.invoke.DirectMethodHandle$Holder.invokeStatic(java.lang.Object, java.lang.Object, java.lang.Object, java.lang.Object)'> (0x0000000088476838) 
thrown [s\open\src\hotspot\share\interpreter\linkResolver.cpp, line 805]
Event: 420.775 Thread 0x000001b1fc75e4c0 Exception <a 'java/lang/NoSuchMethodError'{0x000000008807b668}: 'void java.lang.invoke.DirectMethodHandle$Holder.invokeSpecial(java.lang.Object, java.lang.Object, int)'> (0x000000008807b668) 
thrown [s\open\src\hotspot\share\interpreter\linkResolver.cpp, line 805]
Event: 420.776 Thread 0x000001b1fc75e4c0 Exception <a 'java/lang/NoSuchMethodError'{0x0000000088083288}: 'void java.lang.invoke.Invokers$Holder.invokeExact_MT(java.lang.Object, int, java.lang.Object)'> (0x0000000088083288) 
thrown [s\open\src\hotspot\share\interpreter\linkResolver.cpp, line 805]
Event: 420.783 Thread 0x000001b1fc75e4c0 Exception <a 'java/lang/NoSuchMethodError'{0x000000008809d928}: 'void java.lang.invoke.DirectMethodHandle$Holder.invokeStatic(java.lang.Object, java.lang.Object, int)'> (0x000000008809d928) 
thrown [s\open\src\hotspot\share\interpreter\linkResolver.cpp, line 805]
Event: 420.785 Thread 0x000001b1fc75e4c0 Exception <a 'java/lang/NoSuchMethodError'{0x00000000880ac830}: 'java.lang.Object java.lang.invoke.DirectMethodHandle$Holder.newInvokeSpecial(java.lang.Object, java.lang.Object, int)'> (0x00000000880ac830) 
thrown [s\open\src\hotspot\share\interpreter\linkResolver.cpp, line 805]
Event: 420.798 Thread 0x000001b1fc75e4c0 Exception <a 'sun/nio/fs/WindowsException'{0x00000000880e0ac8}> (0x00000000880e0ac8) 
thrown [s\open\src\hotspot\share\prims\jni.cpp, line 518]
Event: 420.802 Thread 0x000001b1fc75e4c0 Exception <a 'sun/nio/fs/WindowsException'{0x0000000087b09e70}> (0x0000000087b09e70) 
thrown [s\open\src\hotspot\share\prims\jni.cpp, line 518]
Event: 420.809 Thread 0x000001b1fc75e4c0 Exception <a 'sun/nio/fs/WindowsException'{0x0000000087b1bab0}> (0x0000000087b1bab0) 
thrown [s\open\src\hotspot\share\prims\jni.cpp, line 518]

VM Operations (20 events):
Event: 120.408 Executing VM operation: HandshakeAllThreads (HandshakeForDeflation)
Event: 120.408 Executing VM operation: HandshakeAllThreads (HandshakeForDeflation) done
Event: 120.409 Executing VM operation: RendezvousGCThreads
Event: 120.409 Executing VM operation: RendezvousGCThreads done
Event: 180.629 Executing VM operation: HandshakeAllThreads (HandshakeForDeflation)
Event: 180.630 Executing VM operation: HandshakeAllThreads (HandshakeForDeflation) done
Event: 180.630 Executing VM operation: RendezvousGCThreads
Event: 180.630 Executing VM operation: RendezvousGCThreads done
Event: 240.864 Executing VM operation: HandshakeAllThreads (HandshakeForDeflation)
Event: 240.864 Executing VM operation: HandshakeAllThreads (HandshakeForDeflation) done
Event: 240.865 Executing VM operation: RendezvousGCThreads
Event: 240.865 Executing VM operation: RendezvousGCThreads done
Event: 300.952 Executing VM operation: HandshakeAllThreads (HandshakeForDeflation)
Event: 300.952 Executing VM operation: HandshakeAllThreads (HandshakeForDeflation) done
Event: 300.952 Executing VM operation: RendezvousGCThreads
Event: 300.952 Executing VM operation: RendezvousGCThreads done
Event: 420.797 Executing VM operation: HandshakeAllThreads (Deoptimize)
Event: 420.798 Executing VM operation: HandshakeAllThreads (Deoptimize) done
Event: 420.874 Executing VM operation: JFRSafepointClear
Event: 420.874 Executing VM operation: JFRSafepointClear done

Memory protections (0 events):
No events

Nmethod flushes (0 events):
No events

Events (20 events):
Event: 0.578 Thread 0x000001b1fc798690 Thread added: 0x000001b1c545f340
Event: 0.713 Thread 0x000001b1c545f340 Thread exited: 0x000001b1c545f340
Event: 1.003 Thread 0x000001b1fc798690 Thread added: 0x000001b1c5896410
Event: 1.289 Thread 0x000001b1fc75e4c0 Thread added: 0x000001b1c58bd570
Event: 1.319 Thread 0x000001b1c58bd570 Thread added: 0x000001b1c58bfa00
Event: 1.360 Thread 0x000001b1c58bfa00 Thread added: 0x000001b1c58c0150
Event: 1.372 Thread 0x000001b1c58bfa00 Thread added: 0x000001b1c58bdcc0
Event: 2.008 Thread 0x000001b1c5896410 Thread exited: 0x000001b1c5896410
Event: 24.943 Thread 0x000001b1dde60ca0 Thread added: 0x000001b1c58bf2b0
Event: 25.008 Thread 0x000001b1fc7736e0 Thread added: 0x000001b1c578fc60
Event: 25.345 Thread 0x000001b1c578fc60 Thread exited: 0x000001b1c578fc60
Event: 25.378 Thread 0x000001b1fc798690 Thread added: 0x000001b1c50c2940
Event: 27.401 Thread 0x000001b1c50c2940 Thread exited: 0x000001b1c50c2940
Event: 75.793 Thread 0x000001b1fc798690 Thread added: 0x000001b1c514ad20
Event: 77.000 Thread 0x000001b1c514ad20 Thread exited: 0x000001b1c514ad20
Event: 125.062 Thread 0x000001b1fc798690 Thread added: 0x000001b1c570fbf0
Event: 126.767 Thread 0x000001b1c570fbf0 Thread exited: 0x000001b1c570fbf0
Event: 420.496 Thread 0x000001b1fc75e4c0 Thread added: 0x000001b1c6280660
Event: 420.571 Thread 0x000001b1fc798690 Thread added: 0x000001b1c65aa8f0
Event: 420.786 Thread 0x000001b1fc75e4c0 Thread added: 0x000001b1c627ff10


Dynamic libraries:
0x00007ff6afb80000 - 0x00007ff6afb90000 	C:\Program Files\Java\jdk-24\bin\java.exe
0x00007ffa603f0000 - 0x00007ffa605e8000 	C:\Windows\SYSTEM32\ntdll.dll
0x00007ffa5e880000 - 0x00007ffa5e942000 	C:\Windows\System32\KERNEL32.DLL
0x00007ffa5df80000 - 0x00007ffa5e276000 	C:\Windows\System32\KERNELBASE.dll
0x00007ffa5dc90000 - 0x00007ffa5dd90000 	C:\Windows\System32\ucrtbase.dll
0x00007ffa5ac10000 - 0x00007ffa5ac26000 	C:\Program Files\Java\jdk-24\bin\jli.dll
0x00007ffa59b70000 - 0x00007ffa59b8b000 	C:\Program Files\Java\jdk-24\bin\VCRUNTIME140.dll
0x00007ffa5e970000 - 0x00007ffa5eb0d000 	C:\Windows\System32\USER32.dll
0x00007ffa5dbd0000 - 0x00007ffa5dbf2000 	C:\Windows\System32\win32u.dll
0x00007ffa4a0a0000 - 0x00007ffa4a33a000 	C:\Windows\WinSxS\amd64_microsoft.windows.common-controls_6595b64144ccf1df_6.0.19041.5915_none_60b4b9d171f9c7c7\COMCTL32.dll
0x00007ffa5fb00000 - 0x00007ffa5fb2b000 	C:\Windows\System32\GDI32.dll
0x00007ffa5fba0000 - 0x00007ffa5fc3e000 	C:\Windows\System32\msvcrt.dll
0x00007ffa5de60000 - 0x00007ffa5df78000 	C:\Windows\System32\gdi32full.dll
0x00007ffa5da80000 - 0x00007ffa5db1d000 	C:\Windows\System32\msvcp_win.dll
0x00007ffa5ff70000 - 0x00007ffa5ff9f000 	C:\Windows\System32\IMM32.DLL
0x00007ffa5abe0000 - 0x00007ffa5abec000 	C:\Program Files\Java\jdk-24\bin\vcruntime140_1.dll
0x00007ffa57ae0000 - 0x00007ffa57b6e000 	C:\Program Files\Java\jdk-24\bin\msvcp140.dll
0x00007ffa18200000 - 0x00007ffa18fa2000 	C:\Program Files\Java\jdk-24\bin\server\jvm.dll
0x00007ffa5eb10000 - 0x00007ffa5ebc1000 	C:\Windows\System32\ADVAPI32.dll
0x00007ffa5fa60000 - 0x00007ffa5faff000 	C:\Windows\System32\sechost.dll
0x00007ffa5ed10000 - 0x00007ffa5ee33000 	C:\Windows\System32\RPCRT4.dll
0x00007ffa5e280000 - 0x00007ffa5e2a7000 	C:\Windows\System32\bcrypt.dll
0x00007ffa5fb30000 - 0x00007ffa5fb9b000 	C:\Windows\System32\WS2_32.dll
0x00007ffa5d8e0000 - 0x00007ffa5d92b000 	C:\Windows\SYSTEM32\POWRPROF.dll
0x00007ffa49fd0000 - 0x00007ffa49ff7000 	C:\Windows\SYSTEM32\WINMM.dll
0x00007ffa53260000 - 0x00007ffa5326a000 	C:\Windows\SYSTEM32\VERSION.dll
0x00007ffa5d8c0000 - 0x00007ffa5d8d2000 	C:\Windows\SYSTEM32\UMPDC.dll
0x00007ffa5c260000 - 0x00007ffa5c272000 	C:\Windows\SYSTEM32\kernel.appcore.dll
0x00007ffa59be0000 - 0x00007ffa59bea000 	C:\Program Files\Java\jdk-24\bin\jimage.dll
0x00007ffa5b780000 - 0x00007ffa5b981000 	C:\Windows\SYSTEM32\DBGHELP.DLL
0x00007ffa45980000 - 0x00007ffa459b4000 	C:\Windows\SYSTEM32\dbgcore.DLL
0x00007ffa5dc00000 - 0x00007ffa5dc82000 	C:\Windows\System32\bcryptPrimitives.dll
0x00007ffa57ad0000 - 0x00007ffa57adf000 	C:\Program Files\Java\jdk-24\bin\instrument.dll
0x00007ffa57ab0000 - 0x00007ffa57ace000 	C:\Program Files\Java\jdk-24\bin\java.dll
0x00007ffa60280000 - 0x00007ffa603ab000 	C:\Windows\System32\ole32.dll
0x00007ffa5f700000 - 0x00007ffa5fa53000 	C:\Windows\System32\combase.dll
0x00007ffa5ef90000 - 0x00007ffa5f6fe000 	C:\Windows\System32\SHELL32.dll
0x00007ffa5baa0000 - 0x00007ffa5c244000 	C:\Windows\SYSTEM32\windows.storage.dll
0x00007ffa5d2f0000 - 0x00007ffa5d31b000 	C:\Windows\SYSTEM32\Wldp.dll
0x00007ffa5ee40000 - 0x00007ffa5ef0d000 	C:\Windows\System32\OLEAUT32.dll
0x00007ffa5ffb0000 - 0x00007ffa6005d000 	C:\Windows\System32\SHCORE.dll
0x00007ffa60110000 - 0x00007ffa6016b000 	C:\Windows\System32\shlwapi.dll
0x00007ffa5d9b0000 - 0x00007ffa5d9d4000 	C:\Windows\SYSTEM32\profapi.dll
0x00007ffa55e80000 - 0x00007ffa55f57000 	C:\Program Files\Java\jdk-24\bin\jsvml.dll
0x00007ffa57a90000 - 0x00007ffa57aa7000 	C:\Program Files\Java\jdk-24\bin\zip.dll
0x00007ffa57a80000 - 0x00007ffa57a90000 	C:\Program Files\Java\jdk-24\bin\net.dll
0x00007ffa5d0e0000 - 0x00007ffa5d14a000 	C:\Windows\system32\mswsock.dll
0x00007ffa56090000 - 0x00007ffa560a6000 	C:\Program Files\Java\jdk-24\bin\nio.dll
0x00007ffa57a70000 - 0x00007ffa57a79000 	C:\Program Files\Java\jdk-24\bin\extnet.dll
0x00007ffa5ce20000 - 0x00007ffa5ceea000 	C:\Windows\SYSTEM32\DNSAPI.dll
0x00007ffa5cde0000 - 0x00007ffa5ce1b000 	C:\Windows\SYSTEM32\IPHLPAPI.DLL
0x00007ffa5ffa0000 - 0x00007ffa5ffa8000 	C:\Windows\System32\NSI.dll
0x00007ffa567d0000 - 0x00007ffa567da000 	C:\Windows\System32\rasadhlp.dll
0x00007ffa49c00000 - 0x00007ffa49c80000 	C:\Windows\System32\fwpuclnt.dll
0x00007ffa57a00000 - 0x00007ffa57a0a000 	C:\Program Files\Java\jdk-24\bin\management.dll
0x00007ffa574b0000 - 0x00007ffa574bb000 	C:\Program Files\Java\jdk-24\bin\management_ext.dll
0x00007ffa5e960000 - 0x00007ffa5e968000 	C:\Windows\System32\PSAPI.DLL
0x00007ffa5d340000 - 0x00007ffa5d358000 	C:\Windows\SYSTEM32\CRYPTSP.dll
0x00007ffa5ca20000 - 0x00007ffa5ca55000 	C:\Windows\system32\rsaenh.dll
0x00007ffa5d930000 - 0x00007ffa5d95e000 	C:\Windows\SYSTEM32\USERENV.dll
0x00007ffa5d320000 - 0x00007ffa5d32c000 	C:\Windows\SYSTEM32\CRYPTBASE.dll
0x00007ffa3ca40000 - 0x00007ffa3ca57000 	C:\Windows\system32\napinsp.dll
0x00007ffa3c9a0000 - 0x00007ffa3c9bb000 	C:\Windows\system32\pnrpnsp.dll
0x00007ffa59cc0000 - 0x00007ffa59cdd000 	C:\Windows\system32\wshbth.dll
0x00007ffa57ca0000 - 0x00007ffa57cbd000 	C:\Windows\system32\NLAapi.dll
0x00007ffa3c980000 - 0x00007ffa3c992000 	C:\Windows\System32\winrnr.dll
0x00007ffa3bfb0000 - 0x00007ffa3c001000 	C:\Windows\SYSTEM32\pdh.dll
0x00007ffa571e0000 - 0x00007ffa571ef000 	C:\Windows\System32\perfproc.dll
0x00007ffa56080000 - 0x00007ffa5608e000 	C:\Program Files\Java\jdk-24\bin\sunmscapi.dll
0x00007ffa5e2b0000 - 0x00007ffa5e40d000 	C:\Windows\System32\CRYPT32.dll
0x00007ffa5d450000 - 0x00007ffa5d477000 	C:\Windows\SYSTEM32\ncrypt.dll
0x00007ffa5d410000 - 0x00007ffa5d44b000 	C:\Windows\SYSTEM32\NTASN1.dll
0x00007ffa2f300000 - 0x00007ffa2f4f8000 	C:\Users\DELL\AppData\Local\Temp\idea_libasyncProfiler_dll_temp_folder\libasyncProfiler.dll

JVMTI agents:
D:\IntelliJ IDEA 2025.1.2\lib\idea_rt.jar path:C:\Program Files\Java\jdk-24\bin\instrument.dll, loaded, initialized, instrumentlib options:58748

dbghelp: loaded successfully - version: 4.0.5 - missing functions: none
symbol engine: initialized successfully - sym options: 0x614 - pdb path: .;C:\Program Files\Java\jdk-24\bin;C:\Windows\SYSTEM32;C:\Windows\WinSxS\amd64_microsoft.windows.common-controls_6595b64144ccf1df_6.0.19041.5915_none_60b4b9d171f9c7c7;C:\Program Files\Java\jdk-24\bin\server;C:\Users\DELL\AppData\Local\Temp\idea_libasyncProfiler_dll_temp_folder

VM Arguments:
jvm_args: -javaagent:D:\IntelliJ IDEA 2025.1.2\lib\idea_rt.jar=58748 -Dfile.encoding=UTF-8 -Dsun.stdout.encoding=UTF-8 -Dsun.stderr.encoding=UTF-8 
java_command: Main
java_class_path (initial): C:\Users\DELL\IdeaProjects\Gym_Management_System\out\production\Gym_Management_System;C:\Program Files\MySQL\mysql-connector-j-9.3.0\mysql-connector-j-9.3.0.jar
Launcher Type: SUN_STANDARD

[Global flags]
     intx CICompilerCount                          = 3                                         {product} {ergonomic}
     uint ConcGCThreads                            = 1                                         {product} {ergonomic}
     bool FlightRecorder                           = true                                      {product} {management}
     uint G1ConcRefinementThreads                  = 4                                         {product} {ergonomic}
   size_t G1HeapRegionSize                         = 1048576                                   {product} {ergonomic}
   size_t InitialHeapSize                          = 134217728                                 {product} {ergonomic}
   size_t MarkStackSize                            = 4194304                                   {product} {ergonomic}
   size_t MarkStackSizeMax                         = 536870912                                 {product} {ergonomic}
   size_t MaxHeapSize                              = 2118123520                                {product} {ergonomic}
   size_t MaxNewSize                               = 1270874112                                {product} {ergonomic}
   size_t MinHeapDeltaBytes                        = 1048576                                   {product} {ergonomic}
   size_t MinHeapSize                              = 8388608                                   {product} {ergonomic}
    uintx NonNMethodCodeHeapSize                   = 5832704                                {pd product} {ergonomic}
    uintx NonProfiledCodeHeapSize                  = 122945536                              {pd product} {ergonomic}
    uintx ProfiledCodeHeapSize                     = 122880000                              {pd product} {ergonomic}
    uintx ReservedCodeCacheSize                    = 251658240                              {pd product} {ergonomic}
     bool SegmentedCodeCache                       = true                                      {product} {ergonomic}
   size_t SoftMaxHeapSize                          = 2118123520                             {manageable} {ergonomic}
     bool UseCompressedOops                        = true                           {product lp64_product} {ergonomic}
     bool UseG1GC                                  = true                                      {product} {ergonomic}
     bool UseLargePagesIndividualAllocation        = false                                  {pd product} {ergonomic}

Logging:
Log output configuration:
 #0: stdout all=warning uptime,level,tags foldmultilines=false
 #1: stderr all=off uptime,level,tags foldmultilines=false

Environment Variables:
PATH=C:\Program Files\Common Files\Oracle\Java\javapath;C:\Windows\system32;C:\Windows;C:\Windows\System32\Wbem;C:\Windows\System32\WindowsPowerShell\v1.0\;C:\Windows\System32\OpenSSH\;C:\Program Files\MySQL\MySQL Server 8.0\bin;C:\Program Files\Java\jdk-24\bin;C:\Program Files\Git\cmd;C:\Program Files\MySQL\MySQL Shell 8.0\bin\;C:\jdk-24.0.1\bin;C:\Users\DELL\AppData\Local\Programs\Microsoft VS Code\bin;;D:\IntelliJ IDEA 2025.1.2\bin;
USERNAME=DELL
OS=Windows_NT
PROCESSOR_IDENTIFIER=Intel64 Family 6 Model 78 Stepping 3, GenuineIntel
TMP=C:\Users\DELL\AppData\Local\Temp
TEMP=C:\Users\DELL\AppData\Local\Temp




Periodic native trim disabled

---------------  S Y S T E M  ---------------

OS:
 Windows 10 , 64 bit Build 19041 (10.0.19041.5915)
OS uptime: 0 days 23:24 hours
Hyper-V role detected

CPU: total 4 (initial active 4) (2 cores per cpu, 2 threads per core) family 6 model 78 stepping 3 microcode 0xec, cx8, cmov, fxsr, ht, mmx, 3dnowpref, sse, sse2, sse3, ssse3, sse4.1, sse4.2, popcnt, lzcnt, tsc, tscinvbit, avx, avx2, aes, erms, clmul, bmi1, bmi2, rtm, adx, fma, vzeroupper, clflush, clflushopt, hv, rdtscp, f16c
Processor Information for processor 0
  Max Mhz: 2496, Current Mhz: 1497, Mhz Limit: 2396
Processor Information for processor 1
  Max Mhz: 2496, Current Mhz: 1497, Mhz Limit: 2396
Processor Information for processor 2
  Max Mhz: 2496, Current Mhz: 1497, Mhz Limit: 2396
Processor Information for processor 3
  Max Mhz: 2496, Current Mhz: 2396, Mhz Limit: 2396

Memory: 4k page, system-wide physical 8075M (1455M free)
TotalPageFile size 11410M (AvailPageFile size 1991M)
current process WorkingSet (physical memory assigned to process): 125M, peak: 125M
current process commit charge ("private bytes"): 272M, peak: 275M

vm_info: Java HotSpot(TM) 64-Bit Server VM (24.0.1+9-30) for windows-amd64 JRE (24.0.1+9-30), built on 2025-03-05T07:23:45Z with MS VC++ 17.6 (VS2022)

END.
