#
# A fatal error has been detected by the Java Runtime Environment:
#
#  EXCEPTION_ACCESS_VIOLATION (0xc0000005) at pc=0x00007ffa18e426c4, pid=15624, tid=2348
#
# JRE version: Java(TM) SE Runtime Environment (24.0.1+9) (build 24.0.1+9-30)
# Java VM: Java HotSpot(TM) 64-Bit Server VM (24.0.1+9-30, mixed mode, sharing, tiered, compressed oops, compressed class ptrs, g1 gc, windows-amd64)
# Problematic frame:
# C  [libasyncProfiler.dll+0x926c4]
#
# No core dump will be written. Minidumps are not enabled by default on client versions of Windows
#
# JFR recording file will be written. Location: C:\Users\DELL\IdeaProjects\Gym_Management_System\hs_err_pid15624.jfr
#
# If you would like to submit a bug report, please visit:
#   https://bugreport.java.com/bugreport/crash.jsp
# The crash happened outside the Java Virtual Machine in native code.
# See problematic frame for where to report the bug.
#

---------------  S U M M A R Y ------------

Command Line: -javaagent:D:\IntelliJ IDEA 2025.1.2\lib\idea_rt.jar=58376 -Dfile.encoding=UTF-8 -Dsun.stdout.encoding=UTF-8 -Dsun.stderr.encoding=UTF-8 Main

Host: Intel(R) Core(TM) i5-6300U CPU @ 2.40GHz, 4 cores, 7G,  Windows 10 , 64 bit Build 19041 (10.0.19041.5915)
Time: Wed Jul  2 19:19:57 2025 India Standard Time elapsed time: 173.908867 seconds (0d 0h 2m 53s)

---------------  T H R E A D  ---------------

Current thread (0x0000022c70f2ae80):  JavaThread "Attach Listener" daemon [_thread_in_native, id=2348, stack(0x000000a5c7400000,0x000000a5c7500000) (1024K)]

Stack: [0x000000a5c7400000,0x000000a5c7500000],  sp=0x000000a5c74fec10,  free space=1019k
Native frames: (J=compiled Java code, j=interpreted, Vv=VM code, C=native code)
C  [libasyncProfiler.dll+0x926c4]  (no source info available)
C  [libasyncProfiler.dll+0x92b9b]  (no source info available)
C  [libasyncProfiler.dll+0x917f4]  (no source info available)
C  [libasyncProfiler.dll+0x9206a]  (no source info available)
C  [libasyncProfiler.dll+0x8cc21]  (no source info available)
C  [libasyncProfiler.dll+0x7e5e1]  (no source info available)
C  [libasyncProfiler.dll+0x7d2f8]  (no source info available)
C  [libasyncProfiler.dll+0x7d1e0]  (no source info available)
C  [libasyncProfiler.dll+0x841b9]  (no source info available)
V  [jvm.dll+0x57eff7]  (no source info available)
V  [jvm.dll+0x57fdac]  (no source info available)
V  [jvm.dll+0x14ca17]  (no source info available)
V  [jvm.dll+0x14dfe1]  (no source info available)
V  [jvm.dll+0x42f456]  (no source info available)
V  [jvm.dll+0x87d76b]  (no source info available)
V  [jvm.dll+0x72ee55]  (no source info available)
C  [ucrtbase.dll+0x21bb2]  (no source info available)
C  [KERNEL32.DLL+0x17374]  (no source info available)
C  [ntdll.dll+0x4cc91]  (no source info available)


siginfo: EXCEPTION_ACCESS_VIOLATION (0xc0000005), reading address 0xffffffffffffffff


Registers:
RAX=0x0000000000000010, RBX=0x0000000000000000, RCX=0xffffffffffffffff, RDX=0x007ffa1870301010
RSP=0x000000a5c74fec10, RBP=0x0000022c45c07f58, RSI=0x000000a5c74fed80, RDI=0x0000022c45c07f58
R8 =0x0000000000000042, R9 =0x0000000087e90d28, R10=0x00007ffa18979fb0, R11=0x0000000000000004
R12=0x000000a5c74fed80, R13=0x0000022c4568ddc0, R14=0x0000022c70f2b248, R15=0x0000022c70f2b248
RIP=0x00007ffa18e426c4, EFLAGS=0x0000000000010202

XMM[0]=0x0000000000000000 0x0000000000000000
XMM[1]=0x0000000000000000 0x0000000000000000
XMM[2]=0x0000000000000000 0x0000000000000000
XMM[3]=0x0000000000000000 0x0000000000000000
XMM[4]=0x0000000000000000 0x0000000000000000
XMM[5]=0x0000000000000000 0x0000000000000000
XMM[6]=0x0000000000000000 0x0000000000000000
XMM[7]=0x0000000000000000 0x0000000000000000
XMM[8]=0x0000000000000000 0x0000000000000000
XMM[9]=0x0000000000000000 0x0000000000000000
XMM[10]=0x0000000000000000 0x0000000000000000
XMM[11]=0x0000000000000000 0x0000000000000000
XMM[12]=0x0000000000000000 0x0000000000000000
XMM[13]=0x0000000000000000 0x0000000000000000
XMM[14]=0x0000000000000000 0x0000000000000000
XMM[15]=0x0000000000000000 0x0000000000000000
  MXCSR=0x00001fa0


Register to memory mapping:

RAX=0x0000000000000010 is an unknown value
RBX=0x0 is null
RCX=0xffffffffffffffff is an unknown value
RDX=0x007ffa1870301010 is an unknown value
RSP=0x000000a5c74fec10 is pointing into the stack for thread: 0x0000022c70f2ae80
RBP=0x0000022c45c07f58 points into unknown readable memory: 0x0000000087e90d28 | 28 0d e9 87 00 00 00 00
RSI=0x000000a5c74fed80 is pointing into the stack for thread: 0x0000022c70f2ae80
RDI=0x0000022c45c07f58 points into unknown readable memory: 0x0000000087e90d28 | 28 0d e9 87 00 00 00 00
R8 =0x0000000000000042 is an unknown value
R9 =0x0000000087e90d28 is an oop: java.lang.Thread 
{0x0000000087e90d28} - klass: 'java/lang/Thread' - flags: 

 - ---- fields (total size 14 words):
 - 'threadLocalRandomProbe' 'I' @12  0 (0x00000000)
 - private volatile 'eetop' 'J' @16  2389384490016 (0x0000022c5269ec20)
 - private final 'tid' 'J' @24  3 (0x0000000000000003)
 - 'threadLocalRandomSeed' 'J' @32  0 (0x0000000000000000)
 - injected 'jvmti_thread_state' 'J' @40  2389166409520 (0x0000022c456a4730)
 - 'threadLocalRandomSecondarySeed' 'I' @48  0 (0x00000000)
 - injected 'jvmti_VTMS_transition_disable_count' 'I' @52  0 (0x00000000)
 - injected 'jfr_epoch' 'S' @56  0 (0x0000)
 - volatile 'interrupted' 'Z' @58  false (0x00)
 - injected 'jvmti_is_in_VTMS_transition' 'Z' @59  false (0x00)
 - private volatile 'name' 'Ljava/lang/String;' @60  "main"{0x0000000087e917f8} (0x87e917f8)
 - private volatile 'contextClassLoader' 'Ljava/lang/ClassLoader;' @64  a 'jdk/internal/loader/ClassLoaders$AppClassLoader'{0x0000000087f3f0e8} (0x87f3f0e8)
 - private final 'holder' 'Ljava/lang/Thread$FieldHolder;' @68  a 'java/lang/Thread$FieldHolder'{0x0000000087e91828} (0x87e91828)
 - 'threadLocals' 'Ljava/lang/ThreadLocal$ThreadLocalMap;' @72  a 'java/lang/ThreadLocal$ThreadLocalMap'{0x0000000087e91850} (0x87e91850)
 - 'inheritableThreadLocals' 'Ljava/lang/ThreadLocal$ThreadLocalMap;' @76  null (0x00000000)
 - private 'scopedValueBindings' 'Ljava/lang/Object;' @80  a 'java/lang/Class'{0x00000000ffe7c890} = 'java/lang/Thread' (0xffe7c890)
 - final 'interruptLock' 'Ljava/lang/Object;' @84  a 'java/lang/Object'{0x0000000087e91a60} (0x87e91a60)
 - private volatile 'parkBlocker' 'Ljava/lang/Object;' @88  null (0x00000000)
 - private 'nioBlocker' 'Lsun/nio/ch/Interruptible;' @92  null (0x00000000)
 - private 'cont' 'Ljdk/internal/vm/Continuation;' @96  null (0x00000000)
 - private volatile 'uncaughtExceptionHandler' 'Ljava/lang/Thread$UncaughtExceptionHandler;' @100  null (0x00000000)
 - private 'container' 'Ljdk/internal/vm/ThreadContainer;' @104  null (0x00000000)
 - private volatile 'headStackableScopes' 'Ljdk/internal/vm/StackableScope;' @108  null (0x00000000)
R10=0x00007ffa18979fb0 jvm.dll
R11=0x0000000000000004 is an unknown value
R12=0x000000a5c74fed80 is pointing into the stack for thread: 0x0000022c70f2ae80
R13=0x0000022c4568ddc0 points into unknown readable memory: 0x00007ffa188ea510 | 10 a5 8e 18 fa 7f 00 00
R14=0x0000022c70f2b248 points into unknown readable memory: 0x00007ffa188e17b0 | b0 17 8e 18 fa 7f 00 00
R15=0x0000022c70f2b248 points into unknown readable memory: 0x00007ffa188e17b0 | b0 17 8e 18 fa 7f 00 00

Top of Stack: (sp=0x000000a5c74fec10)
0x000000a5c74fec10:   000000a5c74fed80 0000022c45c07f58   ..O.....X..E,...
0x000000a5c74fec20:   0000000000000000 0000022c70f2b5d0   ...........p,...
0x000000a5c74fec30:   000000000000001e 00007ffa18e42b9b   .........+......
0x000000a5c74fec40:   0000000000000000 0000022c70f2b248   ........H..p,...
0x000000a5c74fec50:   000000a5c74fed01 0000000000000000   ..O.............
0x000000a5c74fec60:   0000022c45aae340 00007ffa18e417f4   @..E,...........
0x000000a5c74fec70:   0000000000000000 000000000000001e   ................
0x000000a5c74fec80:   0000000000000000 000000000000001e   ................
0x000000a5c74fec90:   0000000e00000000 0000022c453bebf0   ..........;E,...
0x000000a5c74feca0:   0000022c45aae340 0000022c45aae3b8   @..E,......E,...
0x000000a5c74fecb0:   0000022c45aae3e8 0000000000003ba4   ...E,....;......
0x000000a5c74fecc0:   0000000000000000 0000000000000000   ................
0x000000a5c74fecd0:   0000000000000000 00007ffa181457d4   .........W......
0x000000a5c74fece0:   00007ffa18f84ca0 0000000000003d08   .L.......=......
0x000000a5c74fecf0:   00007ffa18f84ca0 00000000ffffffff   .L..............
0x000000a5c74fed00:   0000000000000000 00007ffa18e4206a   ........j ......
0x000000a5c74fed10:   0000022c70f2b248 0000000000000000   H..p,...........
0x000000a5c74fed20:   000000a5c74fed89 0000022c4568ddc0   ..O.......hE,...
0x000000a5c74fed30:   0000000000000003 0000000000000048   ........H.......
0x000000a5c74fed40:   0000000800800310 0000000000000020   ........ .......
0x000000a5c74fed50:   0000022c70f2b248 00007ffa18f84ca0   H..p,....L......
0x000000a5c74fed60:   0000022c70dd9040 0000022c456a4730   @..p,...0GjE,...
0x000000a5c74fed70:   0000000800800390 0000022c70f2b248   ........H..p,...
0x000000a5c74fed80:   0000022c453ed4f0 0000022c453ed8b0   ..>E,.....>E,...
0x000000a5c74fed90:   0000022c453ed8b0 00007ffa18f84ca0   ..>E,....L......
0x000000a5c74feda0:   000000a5c74fef18 0000022c52670000   ..O.......gR,...
0x000000a5c74fedb0:   000000a5c74ff050 0000000000008840   P.O.....@.......
0x000000a5c74fedc0:   000000a5c74ff230 00007ffa18f84cf0   0.O......L......
0x000000a5c74fedd0:   0000000000989680 0000000000989680   ................
0x000000a5c74fede0:   000000a5c74feef0 00007ffa18e3cc21   ..O.....!.......
0x000000a5c74fedf0:   00007ffa18f84ca0 00007ffa18f84cf8   .L.......L......
0x000000a5c74fee00:   00007ffa00000000 00007ffa00000001   ................

Instructions: (pc=0x00007ffa18e426c4)
  0x00007ffa18e425c4:   cc cc cc cc cc cc cc cc cc cc cc cc cc cc cc cc
  0x00007ffa18e425d4:   cc cc cc cc cc cc cc cc cc cc cc cc cc cc cc cc
  0x00007ffa18e425e4:   cc cc cc cc cc cc cc cc cc cc cc cc cc cc cc cc
  0x00007ffa18e425f4:   cc cc cc cc cc cc cc cc cc cc cc cc cc cc cc cc
  0x00007ffa18e42604:   cc cc cc cc cc cc cc cc cc cc cc cc cc cc cc cc
  0x00007ffa18e42614:   cc cc cc cc cc cc cc cc cc cc cc cc cc cc cc cc
  0x00007ffa18e42624:   cc cc cc cc cc cc cc cc cc cc cc cc cc cc cc cc
  0x00007ffa18e42634:   cc cc cc cc cc cc cc cc cc cc cc cc cc cc cc cc
  0x00007ffa18e42644:   cc cc cc cc cc cc cc cc cc cc cc cc 40 57 48 83
  0x00007ffa18e42654:   ec 20 48 8b f9 48 8b 0d 10 28 14 00 48 85 c9 74
  0x00007ffa18e42664:   20 48 8b 01 48 8d 54 24 38 41 b8 06 00 01 00 4c
  0x00007ffa18e42674:   8b 48 30 41 ff d1 85 c0 75 07 48 8b 4c 24 38 eb
  0x00007ffa18e42684:   02 33 c9 4c 8b 05 ea 28 14 00 48 89 5c 24 30 4d
  0x00007ffa18e42694:   85 c0 74 4a 48 8b 01 48 8b d7 4c 8b 88 28 03 00
  0x00007ffa18e426a4:   00 41 ff d1 48 85 c0 74 35 48 63 0d f8 e6 13 00
  0x00007ffa18e426b4:   48 8b 14 01 48 85 d2 74 15 48 63 05 fc e6 13 00
=>0x00007ffa18e426c4:   8b 04 10 48 8b 5c 24 30 48 83 c4 20 5f c3 b8 ff
  0x00007ffa18e426d4:   ff ff ff 48 8b 5c 24 30 48 83 c4 20 5f c3 80 3d
  0x00007ffa18e426e4:   9b 27 14 00 00 bb ff ff ff ff 74 20 4c 8b 0d 31
  0x00007ffa18e426f4:   24 14 00 4c 8d 44 24 38 48 8b 0d 15 24 14 00 48
  0x00007ffa18e42704:   8b d7 41 ff d1 85 c0 0f 44 5c 24 38 8b c3 48 8b
  0x00007ffa18e42714:   5c 24 30 48 83 c4 20 5f c3 cc cc cc cc cc cc cc
  0x00007ffa18e42724:   cc cc cc cc cc cc cc cc cc cc cc cc cc cc cc cc
  0x00007ffa18e42734:   cc cc cc cc cc cc cc cc cc cc cc cc cc cc cc cc
  0x00007ffa18e42744:   cc cc cc cc cc cc cc cc cc cc cc cc 48 89 54 24
  0x00007ffa18e42754:   10 53 55 56 57 41 56 41 57 48 83 ec 28 48 8b f2
  0x00007ffa18e42764:   4c 8b f1 48 89 4c 24 78 45 33 ff 44 89 7c 24 68
  0x00007ffa18e42774:   c7 44 24 60 01 00 00 00 48 8d 4c 24 68 e8 ed 42
  0x00007ffa18e42784:   f7 ff 8b d8 48 8d 4c 24 60 e8 e1 42 f7 ff 8b e8
  0x00007ffa18e42794:   49 8b ce e8 00 fc f6 ff 48 8b f8 90 8b c3 f0 0f
  0x00007ffa18e427a4:   b1 2f 74 04 f3 90 eb f4 4c 89 3e 4c 89 7e 08 4c
  0x00007ffa18e427b4:   89 7e 10 49 8b 6e 08 4d 8b 76 10 49 3b ee 0f 84


Stack slot to memory mapping:

stack at sp + 0 slots: 0x000000a5c74fed80 is pointing into the stack for thread: 0x0000022c70f2ae80
stack at sp + 1 slots: 0x0000022c45c07f58 points into unknown readable memory: 0x0000000087e90d28 | 28 0d e9 87 00 00 00 00
stack at sp + 2 slots: 0x0 is null
stack at sp + 3 slots: 0x0000022c70f2b5d0 points into unknown readable memory: 0x6e616c2e6176616a | 6a 61 76 61 2e 6c 61 6e
stack at sp + 4 slots: 0x000000000000001e is an unknown value
stack at sp + 5 slots: 0x00007ffa18e42b9b libasyncProfiler.dll
stack at sp + 6 slots: 0x0 is null
stack at sp + 7 slots: 0x0000022c70f2b248 points into unknown readable memory: 0x00007ffa188e17b0 | b0 17 8e 18 fa 7f 00 00

Lock stack of current Java thread (top to bottom):


---------------  P R O C E S S  ---------------

Threads class SMR info:
_java_thread_list=0x0000022c457ad030, length=18, elements={
0x0000022c5269ec20, 0x0000022c70f254d0, 0x0000022c70f264c0, 0x0000022c70f299b0,
0x0000022c70f2ae80, 0x0000022c70f2dd10, 0x0000022c70f2e840, 0x0000022c70f2f6a0,
0x0000022c70f33170, 0x0000022c450d2580, 0x0000022c4520eb60, 0x0000022c4520f2a0,
0x0000022c45826be0, 0x0000022c45a74d10, 0x0000022c45a75860, 0x0000022c4542f7a0,
0x0000022c453525b0, 0x0000022c469bec20
}

Java Threads: ( => current thread )
  0x0000022c5269ec20 JavaThread "main"                              [_thread_in_native, id=11416, stack(0x000000a5c6900000,0x000000a5c6a00000) (1024K)]
  0x0000022c70f254d0 JavaThread "Reference Handler"          daemon [_thread_blocked, id=14152, stack(0x000000a5c7100000,0x000000a5c7200000) (1024K)]
  0x0000022c70f264c0 JavaThread "Finalizer"                  daemon [_thread_blocked, id=15824, stack(0x000000a5c7200000,0x000000a5c7300000) (1024K)]
  0x0000022c70f299b0 JavaThread "Signal Dispatcher"          daemon [_thread_blocked, id=13380, stack(0x000000a5c7300000,0x000000a5c7400000) (1024K)]
=>0x0000022c70f2ae80 JavaThread "Attach Listener"            daemon [_thread_in_native, id=2348, stack(0x000000a5c7400000,0x000000a5c7500000) (1024K)]
  0x0000022c70f2dd10 JavaThread "Service Thread"             daemon [_thread_blocked, id=9224, stack(0x000000a5c7500000,0x000000a5c7600000) (1024K)]
  0x0000022c70f2e840 JavaThread "Monitor Deflation Thread"   daemon [_thread_blocked, id=11888, stack(0x000000a5c7600000,0x000000a5c7700000) (1024K)]
  0x0000022c70f2f6a0 JavaThread "C2 CompilerThread0"         daemon [_thread_blocked, id=8164, stack(0x000000a5c7700000,0x000000a5c7800000) (1024K)]
  0x0000022c70f33170 JavaThread "C1 CompilerThread0"         daemon [_thread_blocked, id=8532, stack(0x000000a5c7800000,0x000000a5c7900000) (1024K)]
  0x0000022c450d2580 JavaThread "Common-Cleaner"             daemon [_thread_blocked, id=2912, stack(0x000000a5c7900000,0x000000a5c7a00000) (1024K)]
  0x0000022c4520eb60 JavaThread "Monitor Ctrl-Break"         daemon [_thread_in_native, id=13484, stack(0x000000a5c7a00000,0x000000a5c7b00000) (1024K)]
  0x0000022c4520f2a0 JavaThread "Notification Thread"        daemon [_thread_blocked, id=10044, stack(0x000000a5c7b00000,0x000000a5c7c00000) (1024K)]
  0x0000022c45826be0 JavaThread "RMI TCP Accept-0"           daemon [_thread_in_native, id=11344, stack(0x000000a5c7d00000,0x000000a5c7e00000) (1024K)]
  0x0000022c45a74d10 JavaThread "RMI Scheduler(0)"           daemon [_thread_blocked, id=12424, stack(0x000000a5c7c00000,0x000000a5c7d00000) (1024K)]
  0x0000022c45a75860 JavaThread "JMX server connection timeout 29" daemon [_thread_blocked, id=11412, stack(0x000000a5c7f00000,0x000000a5c8000000) (1024K)]
  0x0000022c4542f7a0 JavaThread "RMI TCP Connection(2)-192.168.1.4" daemon [_thread_in_native, id=7560, stack(0x000000a5c8000000,0x000000a5c8100000) (1024K)]
  0x0000022c453525b0 JavaThread "JFR Recorder Thread"        daemon [_thread_in_native, id=5976, stack(0x000000a5c6700000,0x000000a5c6800000) (1024K)]
  0x0000022c469bec20 JavaThread "JFR Periodic Tasks"         daemon [_thread_blocked, id=14024, stack(0x000000a5c6800000,0x000000a5c6900000) (1024K)]
Total: 18

Other Threads:
  0x0000022c70f13b90 VMThread "VM Thread"                           [id=13460, stack(0x000000a5c7000000,0x000000a5c7100000) (1024K)]
  0x0000022c70f06870 WatcherThread "VM Periodic Task Thread"        [id=10504, stack(0x000000a5c6f00000,0x000000a5c7000000) (1024K)]
  0x0000022c54964c60 WorkerThread "GC Thread#0"                     [id=10476, stack(0x000000a5c6a00000,0x000000a5c6b00000) (1024K)]
  0x0000022c453c1b00 WorkerThread "GC Thread#1"                     [id=13100, stack(0x000000a5c7e00000,0x000000a5c7f00000) (1024K)]
  0x0000022c453c1eb0 WorkerThread "GC Thread#2"                     [id=3532, stack(0x000000a5c8100000,0x000000a5c8200000) (1024K)]
  0x0000022c453c29c0 WorkerThread "GC Thread#3"                     [id=15268, stack(0x000000a5c8200000,0x000000a5c8300000) (1024K)]
  0x0000022c54979850 ConcurrentGCThread "G1 Main Marker"            [id=9784, stack(0x000000a5c6b00000,0x000000a5c6c00000) (1024K)]
  0x0000022c5497ab00 WorkerThread "G1 Conc#0"                       [id=3616, stack(0x000000a5c6c00000,0x000000a5c6d00000) (1024K)]
  0x0000022c549dda60 ConcurrentGCThread "G1 Refine#0"               [id=15608, stack(0x000000a5c6d00000,0x000000a5c6e00000) (1024K)]
  0x0000022c549de5e0 ConcurrentGCThread "G1 Service"                [id=10984, stack(0x000000a5c6e00000,0x000000a5c6f00000) (1024K)]
Total: 10

Threads with active compile tasks:
Total: 0

VM state: not at safepoint (normal execution)

VM Mutex/Monitor currently owned by a thread: None

Heap address: 0x0000000081c00000, size: 2020 MB, Compressed Oops mode: 32-bit

CDS archive(s) mapped at: [0x0000022c00000000-0x0000022c00d40000-0x0000022c00d40000), size 13893632, SharedBaseAddress: 0x0000022c00000000, ArchiveRelocationMode: 1.
Compressed class space mapped at: 0x0000022c01000000-0x0000022c41000000, reserved size: 1073741824
UseCompressedClassPointers 1, UseCompactObjectHeaders 0
Narrow klass pointer bits 32, Max shift 3
Narrow klass base: 0x0000022c00000000, Narrow klass shift: 0
Encoding Range: [0x0000022c00000000 - 0x0000022d00000000), (4294967296 bytes)
Klass Range:    [0x0000022c00000000 - 0x0000022c41000000), (1090519040 bytes)
Klass ID Range:  [8 - 1090519033) (1090519025)

GC Precious Log:
 CardTable entry size: 512
 Card Set container configuration: InlinePtr #cards 5 size 8 Array Of Cards #cards 10 size 36 Howl #buckets 4 coarsen threshold 1843 Howl Bitmap #cards 512 size 80 coarsen threshold 460 Card regions per heap region 1 cards per card region 2048
 CPUs: 4 total, 4 available
 Memory: 8075M
 Large Page Support: Disabled
 NUMA Support: Disabled
 Compressed Oops: Enabled (32-bit)
 Heap Region Size: 1M
 Heap Min Capacity: 8M
 Heap Initial Capacity: 128M
 Heap Max Capacity: 2020M
 Pre-touch: Disabled
 Parallel Workers: 4
 Concurrent Workers: 1
 Concurrent Refinement Workers: 4
 Periodic GC: Disabled

Heap:
 garbage-first heap   total reserved 2068480K, committed 133120K, used 9161K [0x0000000081c00000, 0x0000000100000000)
  region size 1024K, 9 young (9216K), 4 survivors (4096K)
 Metaspace       used 8201K, committed 8512K, reserved 1114112K
  class space    used 734K, committed 896K, reserved 1048576K

Heap Regions: E=young(eden), S=young(survivor), O=old, HS=humongous(starts), HC=humongous(continues), CS=collection set, F=free, TAMS=top-at-mark-start, PB=parsable bottom
|   0|0x0000000081c00000, 0x0000000081c00000, 0x0000000081d00000|  0%| F|  |TAMS 0x0000000081c00000| PB 0x0000000081c00000| Untracked |  0
|   1|0x0000000081d00000, 0x0000000081d00000, 0x0000000081e00000|  0%| F|  |TAMS 0x0000000081d00000| PB 0x0000000081d00000| Untracked |  0
|   2|0x0000000081e00000, 0x0000000081e00000, 0x0000000081f00000|  0%| F|  |TAMS 0x0000000081e00000| PB 0x0000000081e00000| Untracked |  0
|   3|0x0000000081f00000, 0x0000000081f00000, 0x0000000082000000|  0%| F|  |TAMS 0x0000000081f00000| PB 0x0000000081f00000| Untracked |  0
|   4|0x0000000082000000, 0x0000000082000000, 0x0000000082100000|  0%| F|  |TAMS 0x0000000082000000| PB 0x0000000082000000| Untracked |  0
|   5|0x0000000082100000, 0x0000000082100000, 0x0000000082200000|  0%| F|  |TAMS 0x0000000082100000| PB 0x0000000082100000| Untracked |  0
|   6|0x0000000082200000, 0x0000000082200000, 0x0000000082300000|  0%| F|  |TAMS 0x0000000082200000| PB 0x0000000082200000| Untracked |  0
|   7|0x0000000082300000, 0x0000000082300000, 0x0000000082400000|  0%| F|  |TAMS 0x0000000082300000| PB 0x0000000082300000| Untracked |  0
|   8|0x0000000082400000, 0x0000000082400000, 0x0000000082500000|  0%| F|  |TAMS 0x0000000082400000| PB 0x0000000082400000| Untracked |  0
|   9|0x0000000082500000, 0x0000000082500000, 0x0000000082600000|  0%| F|  |TAMS 0x0000000082500000| PB 0x0000000082500000| Untracked |  0
|  10|0x0000000082600000, 0x0000000082600000, 0x0000000082700000|  0%| F|  |TAMS 0x0000000082600000| PB 0x0000000082600000| Untracked |  0
|  11|0x0000000082700000, 0x0000000082700000, 0x0000000082800000|  0%| F|  |TAMS 0x0000000082700000| PB 0x0000000082700000| Untracked |  0
|  12|0x0000000082800000, 0x0000000082800000, 0x0000000082900000|  0%| F|  |TAMS 0x0000000082800000| PB 0x0000000082800000| Untracked |  0
|  13|0x0000000082900000, 0x0000000082900000, 0x0000000082a00000|  0%| F|  |TAMS 0x0000000082900000| PB 0x0000000082900000| Untracked |  0
|  14|0x0000000082a00000, 0x0000000082a00000, 0x0000000082b00000|  0%| F|  |TAMS 0x0000000082a00000| PB 0x0000000082a00000| Untracked |  0
|  15|0x0000000082b00000, 0x0000000082b00000, 0x0000000082c00000|  0%| F|  |TAMS 0x0000000082b00000| PB 0x0000000082b00000| Untracked |  0
|  16|0x0000000082c00000, 0x0000000082c00000, 0x0000000082d00000|  0%| F|  |TAMS 0x0000000082c00000| PB 0x0000000082c00000| Untracked |  0
|  17|0x0000000082d00000, 0x0000000082d00000, 0x0000000082e00000|  0%| F|  |TAMS 0x0000000082d00000| PB 0x0000000082d00000| Untracked |  0
|  18|0x0000000082e00000, 0x0000000082e00000, 0x0000000082f00000|  0%| F|  |TAMS 0x0000000082e00000| PB 0x0000000082e00000| Untracked |  0
|  19|0x0000000082f00000, 0x0000000082f00000, 0x0000000083000000|  0%| F|  |TAMS 0x0000000082f00000| PB 0x0000000082f00000| Untracked |  0
|  20|0x0000000083000000, 0x0000000083000000, 0x0000000083100000|  0%| F|  |TAMS 0x0000000083000000| PB 0x0000000083000000| Untracked |  0
|  21|0x0000000083100000, 0x0000000083100000, 0x0000000083200000|  0%| F|  |TAMS 0x0000000083100000| PB 0x0000000083100000| Untracked |  0
|  22|0x0000000083200000, 0x0000000083200000, 0x0000000083300000|  0%| F|  |TAMS 0x0000000083200000| PB 0x0000000083200000| Untracked |  0
|  23|0x0000000083300000, 0x0000000083300000, 0x0000000083400000|  0%| F|  |TAMS 0x0000000083300000| PB 0x0000000083300000| Untracked |  0
|  24|0x0000000083400000, 0x0000000083400000, 0x0000000083500000|  0%| F|  |TAMS 0x0000000083400000| PB 0x0000000083400000| Untracked |  0
|  25|0x0000000083500000, 0x0000000083500000, 0x0000000083600000|  0%| F|  |TAMS 0x0000000083500000| PB 0x0000000083500000| Untracked |  0
|  26|0x0000000083600000, 0x0000000083600000, 0x0000000083700000|  0%| F|  |TAMS 0x0000000083600000| PB 0x0000000083600000| Untracked |  0
|  27|0x0000000083700000, 0x0000000083700000, 0x0000000083800000|  0%| F|  |TAMS 0x0000000083700000| PB 0x0000000083700000| Untracked |  0
|  28|0x0000000083800000, 0x0000000083800000, 0x0000000083900000|  0%| F|  |TAMS 0x0000000083800000| PB 0x0000000083800000| Untracked |  0
|  29|0x0000000083900000, 0x0000000083900000, 0x0000000083a00000|  0%| F|  |TAMS 0x0000000083900000| PB 0x0000000083900000| Untracked |  0
|  30|0x0000000083a00000, 0x0000000083a00000, 0x0000000083b00000|  0%| F|  |TAMS 0x0000000083a00000| PB 0x0000000083a00000| Untracked |  0
|  31|0x0000000083b00000, 0x0000000083b00000, 0x0000000083c00000|  0%| F|  |TAMS 0x0000000083b00000| PB 0x0000000083b00000| Untracked |  0
|  32|0x0000000083c00000, 0x0000000083c00000, 0x0000000083d00000|  0%| F|  |TAMS 0x0000000083c00000| PB 0x0000000083c00000| Untracked |  0
|  33|0x0000000083d00000, 0x0000000083d00000, 0x0000000083e00000|  0%| F|  |TAMS 0x0000000083d00000| PB 0x0000000083d00000| Untracked |  0
|  34|0x0000000083e00000, 0x0000000083e00000, 0x0000000083f00000|  0%| F|  |TAMS 0x0000000083e00000| PB 0x0000000083e00000| Untracked |  0
|  35|0x0000000083f00000, 0x0000000083f00000, 0x0000000084000000|  0%| F|  |TAMS 0x0000000083f00000| PB 0x0000000083f00000| Untracked |  0
|  36|0x0000000084000000, 0x0000000084000000, 0x0000000084100000|  0%| F|  |TAMS 0x0000000084000000| PB 0x0000000084000000| Untracked |  0
|  37|0x0000000084100000, 0x0000000084100000, 0x0000000084200000|  0%| F|  |TAMS 0x0000000084100000| PB 0x0000000084100000| Untracked |  0
|  38|0x0000000084200000, 0x0000000084200000, 0x0000000084300000|  0%| F|  |TAMS 0x0000000084200000| PB 0x0000000084200000| Untracked |  0
|  39|0x0000000084300000, 0x0000000084300000, 0x0000000084400000|  0%| F|  |TAMS 0x0000000084300000| PB 0x0000000084300000| Untracked |  0
|  40|0x0000000084400000, 0x0000000084400000, 0x0000000084500000|  0%| F|  |TAMS 0x0000000084400000| PB 0x0000000084400000| Untracked |  0
|  41|0x0000000084500000, 0x0000000084500000, 0x0000000084600000|  0%| F|  |TAMS 0x0000000084500000| PB 0x0000000084500000| Untracked |  0
|  42|0x0000000084600000, 0x0000000084600000, 0x0000000084700000|  0%| F|  |TAMS 0x0000000084600000| PB 0x0000000084600000| Untracked |  0
|  43|0x0000000084700000, 0x0000000084700000, 0x0000000084800000|  0%| F|  |TAMS 0x0000000084700000| PB 0x0000000084700000| Untracked |  0
|  44|0x0000000084800000, 0x0000000084800000, 0x0000000084900000|  0%| F|  |TAMS 0x0000000084800000| PB 0x0000000084800000| Untracked |  0
|  45|0x0000000084900000, 0x0000000084900000, 0x0000000084a00000|  0%| F|  |TAMS 0x0000000084900000| PB 0x0000000084900000| Untracked |  0
|  46|0x0000000084a00000, 0x0000000084a00000, 0x0000000084b00000|  0%| F|  |TAMS 0x0000000084a00000| PB 0x0000000084a00000| Untracked |  0
|  47|0x0000000084b00000, 0x0000000084b00000, 0x0000000084c00000|  0%| F|  |TAMS 0x0000000084b00000| PB 0x0000000084b00000| Untracked |  0
|  48|0x0000000084c00000, 0x0000000084c00000, 0x0000000084d00000|  0%| F|  |TAMS 0x0000000084c00000| PB 0x0000000084c00000| Untracked |  0
|  49|0x0000000084d00000, 0x0000000084d00000, 0x0000000084e00000|  0%| F|  |TAMS 0x0000000084d00000| PB 0x0000000084d00000| Untracked |  0
|  50|0x0000000084e00000, 0x0000000084e00000, 0x0000000084f00000|  0%| F|  |TAMS 0x0000000084e00000| PB 0x0000000084e00000| Untracked |  0
|  51|0x0000000084f00000, 0x0000000084f00000, 0x0000000085000000|  0%| F|  |TAMS 0x0000000084f00000| PB 0x0000000084f00000| Untracked |  0
|  52|0x0000000085000000, 0x0000000085000000, 0x0000000085100000|  0%| F|  |TAMS 0x0000000085000000| PB 0x0000000085000000| Untracked |  0
|  53|0x0000000085100000, 0x0000000085100000, 0x0000000085200000|  0%| F|  |TAMS 0x0000000085100000| PB 0x0000000085100000| Untracked |  0
|  54|0x0000000085200000, 0x0000000085200000, 0x0000000085300000|  0%| F|  |TAMS 0x0000000085200000| PB 0x0000000085200000| Untracked |  0
|  55|0x0000000085300000, 0x0000000085300000, 0x0000000085400000|  0%| F|  |TAMS 0x0000000085300000| PB 0x0000000085300000| Untracked |  0
|  56|0x0000000085400000, 0x0000000085400000, 0x0000000085500000|  0%| F|  |TAMS 0x0000000085400000| PB 0x0000000085400000| Untracked |  0
|  57|0x0000000085500000, 0x0000000085500000, 0x0000000085600000|  0%| F|  |TAMS 0x0000000085500000| PB 0x0000000085500000| Untracked |  0
|  58|0x0000000085600000, 0x0000000085600000, 0x0000000085700000|  0%| F|  |TAMS 0x0000000085600000| PB 0x0000000085600000| Untracked |  0
|  59|0x0000000085700000, 0x0000000085700000, 0x0000000085800000|  0%| F|  |TAMS 0x0000000085700000| PB 0x0000000085700000| Untracked |  0
|  60|0x0000000085800000, 0x0000000085800000, 0x0000000085900000|  0%| F|  |TAMS 0x0000000085800000| PB 0x0000000085800000| Untracked |  0
|  61|0x0000000085900000, 0x0000000085900000, 0x0000000085a00000|  0%| F|  |TAMS 0x0000000085900000| PB 0x0000000085900000| Untracked |  0
|  62|0x0000000085a00000, 0x0000000085a00000, 0x0000000085b00000|  0%| F|  |TAMS 0x0000000085a00000| PB 0x0000000085a00000| Untracked |  0
|  63|0x0000000085b00000, 0x0000000085b00000, 0x0000000085c00000|  0%| F|  |TAMS 0x0000000085b00000| PB 0x0000000085b00000| Untracked |  0
|  64|0x0000000085c00000, 0x0000000085c00000, 0x0000000085d00000|  0%| F|  |TAMS 0x0000000085c00000| PB 0x0000000085c00000| Untracked |  0
|  65|0x0000000085d00000, 0x0000000085d00000, 0x0000000085e00000|  0%| F|  |TAMS 0x0000000085d00000| PB 0x0000000085d00000| Untracked |  0
|  66|0x0000000085e00000, 0x0000000085e00000, 0x0000000085f00000|  0%| F|  |TAMS 0x0000000085e00000| PB 0x0000000085e00000| Untracked |  0
|  67|0x0000000085f00000, 0x0000000085f00000, 0x0000000086000000|  0%| F|  |TAMS 0x0000000085f00000| PB 0x0000000085f00000| Untracked |  0
|  68|0x0000000086000000, 0x0000000086000000, 0x0000000086100000|  0%| F|  |TAMS 0x0000000086000000| PB 0x0000000086000000| Untracked |  0
|  69|0x0000000086100000, 0x0000000086100000, 0x0000000086200000|  0%| F|  |TAMS 0x0000000086100000| PB 0x0000000086100000| Untracked |  0
|  70|0x0000000086200000, 0x0000000086200000, 0x0000000086300000|  0%| F|  |TAMS 0x0000000086200000| PB 0x0000000086200000| Untracked |  0
|  71|0x0000000086300000, 0x0000000086300000, 0x0000000086400000|  0%| F|  |TAMS 0x0000000086300000| PB 0x0000000086300000| Untracked |  0
|  72|0x0000000086400000, 0x0000000086400000, 0x0000000086500000|  0%| F|  |TAMS 0x0000000086400000| PB 0x0000000086400000| Untracked |  0
|  73|0x0000000086500000, 0x0000000086500000, 0x0000000086600000|  0%| F|  |TAMS 0x0000000086500000| PB 0x0000000086500000| Untracked |  0
|  74|0x0000000086600000, 0x0000000086600000, 0x0000000086700000|  0%| F|  |TAMS 0x0000000086600000| PB 0x0000000086600000| Untracked |  0
|  75|0x0000000086700000, 0x0000000086700000, 0x0000000086800000|  0%| F|  |TAMS 0x0000000086700000| PB 0x0000000086700000| Untracked |  0
|  76|0x0000000086800000, 0x0000000086800000, 0x0000000086900000|  0%| F|  |TAMS 0x0000000086800000| PB 0x0000000086800000| Untracked |  0
|  77|0x0000000086900000, 0x0000000086900000, 0x0000000086a00000|  0%| F|  |TAMS 0x0000000086900000| PB 0x0000000086900000| Untracked |  0
|  78|0x0000000086a00000, 0x0000000086a00000, 0x0000000086b00000|  0%| F|  |TAMS 0x0000000086a00000| PB 0x0000000086a00000| Untracked |  0
|  79|0x0000000086b00000, 0x0000000086b00000, 0x0000000086c00000|  0%| F|  |TAMS 0x0000000086b00000| PB 0x0000000086b00000| Untracked |  0
|  80|0x0000000086c00000, 0x0000000086c00000, 0x0000000086d00000|  0%| F|  |TAMS 0x0000000086c00000| PB 0x0000000086c00000| Untracked |  0
|  81|0x0000000086d00000, 0x0000000086d00000, 0x0000000086e00000|  0%| F|  |TAMS 0x0000000086d00000| PB 0x0000000086d00000| Untracked |  0
|  82|0x0000000086e00000, 0x0000000086e00000, 0x0000000086f00000|  0%| F|  |TAMS 0x0000000086e00000| PB 0x0000000086e00000| Untracked |  0
|  83|0x0000000086f00000, 0x0000000086f00000, 0x0000000087000000|  0%| F|  |TAMS 0x0000000086f00000| PB 0x0000000086f00000| Untracked |  0
|  84|0x0000000087000000, 0x0000000087000000, 0x0000000087100000|  0%| F|  |TAMS 0x0000000087000000| PB 0x0000000087000000| Untracked |  0
|  85|0x0000000087100000, 0x0000000087100000, 0x0000000087200000|  0%| F|  |TAMS 0x0000000087100000| PB 0x0000000087100000| Untracked |  0
|  86|0x0000000087200000, 0x0000000087200000, 0x0000000087300000|  0%| F|  |TAMS 0x0000000087200000| PB 0x0000000087200000| Untracked |  0
|  87|0x0000000087300000, 0x0000000087300000, 0x0000000087400000|  0%| F|  |TAMS 0x0000000087300000| PB 0x0000000087300000| Untracked |  0
|  88|0x0000000087400000, 0x0000000087400000, 0x0000000087500000|  0%| F|  |TAMS 0x0000000087400000| PB 0x0000000087400000| Untracked |  0
|  89|0x0000000087500000, 0x0000000087500000, 0x0000000087600000|  0%| F|  |TAMS 0x0000000087500000| PB 0x0000000087500000| Untracked |  0
|  90|0x0000000087600000, 0x0000000087600000, 0x0000000087700000|  0%| F|  |TAMS 0x0000000087600000| PB 0x0000000087600000| Untracked |  0
|  91|0x0000000087700000, 0x0000000087700000, 0x0000000087800000|  0%| F|  |TAMS 0x0000000087700000| PB 0x0000000087700000| Untracked |  0
|  92|0x0000000087800000, 0x0000000087800000, 0x0000000087900000|  0%| F|  |TAMS 0x0000000087800000| PB 0x0000000087800000| Untracked |  0
|  93|0x0000000087900000, 0x0000000087900000, 0x0000000087a00000|  0%| F|  |TAMS 0x0000000087900000| PB 0x0000000087900000| Untracked |  0
|  94|0x0000000087a00000, 0x0000000087a00000, 0x0000000087b00000|  0%| F|  |TAMS 0x0000000087a00000| PB 0x0000000087a00000| Untracked |  0
|  95|0x0000000087b00000, 0x0000000087b00000, 0x0000000087c00000|  0%| F|  |TAMS 0x0000000087b00000| PB 0x0000000087b00000| Untracked |  0
|  96|0x0000000087c00000, 0x0000000087cd5520, 0x0000000087d00000| 83%| S|CS|TAMS 0x0000000087c00000| PB 0x0000000087c00000| Complete |  0
|  97|0x0000000087d00000, 0x0000000087e00000, 0x0000000087e00000|100%| S|CS|TAMS 0x0000000087d00000| PB 0x0000000087d00000| Complete |  0
|  98|0x0000000087e00000, 0x0000000087f00000, 0x0000000087f00000|100%| S|CS|TAMS 0x0000000087e00000| PB 0x0000000087e00000| Complete |  0
|  99|0x0000000087f00000, 0x0000000088000000, 0x0000000088000000|100%| S|CS|TAMS 0x0000000087f00000| PB 0x0000000087f00000| Complete |  0
| 100|0x0000000088000000, 0x0000000088000000, 0x0000000088100000|  0%| F|  |TAMS 0x0000000088000000| PB 0x0000000088000000| Untracked |  0
| 101|0x0000000088100000, 0x0000000088100000, 0x0000000088200000|  0%| F|  |TAMS 0x0000000088100000| PB 0x0000000088100000| Untracked |  0
| 102|0x0000000088200000, 0x0000000088200000, 0x0000000088300000|  0%| F|  |TAMS 0x0000000088200000| PB 0x0000000088200000| Untracked |  0
| 103|0x0000000088300000, 0x0000000088300000, 0x0000000088400000|  0%| F|  |TAMS 0x0000000088300000| PB 0x0000000088300000| Untracked |  0
| 104|0x0000000088400000, 0x0000000088400000, 0x0000000088500000|  0%| F|  |TAMS 0x0000000088400000| PB 0x0000000088400000| Untracked |  0
| 105|0x0000000088500000, 0x0000000088500000, 0x0000000088600000|  0%| F|  |TAMS 0x0000000088500000| PB 0x0000000088500000| Untracked |  0
| 106|0x0000000088600000, 0x0000000088600000, 0x0000000088700000|  0%| F|  |TAMS 0x0000000088600000| PB 0x0000000088600000| Untracked |  0
| 107|0x0000000088700000, 0x0000000088700000, 0x0000000088800000|  0%| F|  |TAMS 0x0000000088700000| PB 0x0000000088700000| Untracked |  0
| 108|0x0000000088800000, 0x0000000088800000, 0x0000000088900000|  0%| F|  |TAMS 0x0000000088800000| PB 0x0000000088800000| Untracked |  0
| 109|0x0000000088900000, 0x0000000088900000, 0x0000000088a00000|  0%| F|  |TAMS 0x0000000088900000| PB 0x0000000088900000| Untracked |  0
| 110|0x0000000088a00000, 0x0000000088a00000, 0x0000000088b00000|  0%| F|  |TAMS 0x0000000088a00000| PB 0x0000000088a00000| Untracked |  0
| 111|0x0000000088b00000, 0x0000000088b00000, 0x0000000088c00000|  0%| F|  |TAMS 0x0000000088b00000| PB 0x0000000088b00000| Untracked |  0
| 112|0x0000000088c00000, 0x0000000088c00000, 0x0000000088d00000|  0%| F|  |TAMS 0x0000000088c00000| PB 0x0000000088c00000| Untracked |  0
| 113|0x0000000088d00000, 0x0000000088d00000, 0x0000000088e00000|  0%| F|  |TAMS 0x0000000088d00000| PB 0x0000000088d00000| Untracked |  0
| 114|0x0000000088e00000, 0x0000000088e00000, 0x0000000088f00000|  0%| F|  |TAMS 0x0000000088e00000| PB 0x0000000088e00000| Untracked |  0
| 115|0x0000000088f00000, 0x0000000088f00000, 0x0000000089000000|  0%| F|  |TAMS 0x0000000088f00000| PB 0x0000000088f00000| Untracked |  0
| 116|0x0000000089000000, 0x0000000089000000, 0x0000000089100000|  0%| F|  |TAMS 0x0000000089000000| PB 0x0000000089000000| Untracked |  0
| 117|0x0000000089100000, 0x0000000089100000, 0x0000000089200000|  0%| F|  |TAMS 0x0000000089100000| PB 0x0000000089100000| Untracked |  0
| 118|0x0000000089200000, 0x0000000089200000, 0x0000000089300000|  0%| F|  |TAMS 0x0000000089200000| PB 0x0000000089200000| Untracked |  0
| 119|0x0000000089300000, 0x0000000089300000, 0x0000000089400000|  0%| F|  |TAMS 0x0000000089300000| PB 0x0000000089300000| Untracked |  0
| 120|0x0000000089400000, 0x0000000089400000, 0x0000000089500000|  0%| F|  |TAMS 0x0000000089400000| PB 0x0000000089400000| Untracked |  0
| 121|0x0000000089500000, 0x0000000089500000, 0x0000000089600000|  0%| F|  |TAMS 0x0000000089500000| PB 0x0000000089500000| Untracked |  0
| 122|0x0000000089600000, 0x0000000089600000, 0x0000000089700000|  0%| F|  |TAMS 0x0000000089600000| PB 0x0000000089600000| Untracked |  0
| 123|0x0000000089700000, 0x00000000897ab2a0, 0x0000000089800000| 66%| E|  |TAMS 0x0000000089700000| PB 0x0000000089700000| Complete |  0
| 124|0x0000000089800000, 0x0000000089900000, 0x0000000089900000|100%| E|CS|TAMS 0x0000000089800000| PB 0x0000000089800000| Complete |  0
| 125|0x0000000089900000, 0x0000000089a00000, 0x0000000089a00000|100%| E|CS|TAMS 0x0000000089900000| PB 0x0000000089900000| Complete |  0
| 126|0x0000000089a00000, 0x0000000089b00000, 0x0000000089b00000|100%| E|CS|TAMS 0x0000000089a00000| PB 0x0000000089a00000| Complete |  0
| 127|0x0000000089b00000, 0x0000000089c00000, 0x0000000089c00000|100%| E|CS|TAMS 0x0000000089b00000| PB 0x0000000089b00000| Complete |  0
|2018|0x00000000ffe00000, 0x00000000fff00000, 0x00000000fff00000|100%| O|  |TAMS 0x00000000ffe00000| PB 0x00000000ffe00000| Untracked |  0
|2019|0x00000000fff00000, 0x00000000fff1d1c0, 0x0000000100000000| 11%| O|  |TAMS 0x00000000fff00000| PB 0x00000000fff00000| Untracked |  0

Card table byte_map: [0x0000022c6c5c0000,0x0000022c6c9c0000] _byte_map_base: 0x0000022c6c1b2000

Marking Bits: (CMBitMap*) 0x0000022c54965370
 Bits: [0x0000022c6c9c0000, 0x0000022c6e950000)

Polling page: 0x0000022c52660000

Metaspace:

Usage:
  Non-class:      7.29 MB used.
      Class:    734.17 KB used.
       Both:      8.01 MB used.

Virtual space:
  Non-class space:       64.00 MB reserved,       7.44 MB ( 12%) committed,  1 nodes.
      Class space:        1.00 GB reserved,     896.00 KB ( <1%) committed,  1 nodes.
             Both:        1.06 GB reserved,       8.31 MB ( <1%) committed. 

Chunk freelists:
   Non-Class:  8.45 MB
       Class:  15.18 MB
        Both:  23.64 MB

MaxMetaspaceSize: unlimited
CompressedClassSpaceSize: 1.00 GB
Initial GC threshold: 21.00 MB
Current GC threshold: 21.00 MB
CDS: on
 - commit_granule_bytes: 65536.
 - commit_granule_words: 8192.
 - virtual_space_node_default_size: 8388608.
 - enlarge_chunks_in_place: 1.
UseCompressedClassPointers 1, UseCompactObjectHeaders 0
Narrow klass pointer bits 32, Max shift 3
Narrow klass base: 0x0000022c00000000, Narrow klass shift: 0
Encoding Range: [0x0000022c00000000 - 0x0000022d00000000), (4294967296 bytes)
Klass Range:    [0x0000022c00000000 - 0x0000022c41000000), (1090519040 bytes)
Klass ID Range:  [8 - 1090519033) (1090519025)


Internal statistics:

num_allocs_failed_limit: 0.
num_arena_births: 212.
num_arena_deaths: 0.
num_vsnodes_births: 2.
num_vsnodes_deaths: 0.
num_space_committed: 133.
num_space_uncommitted: 0.
num_chunks_returned_to_freelist: 0.
num_chunks_taken_from_freelist: 303.
num_chunk_merges: 0.
num_chunk_splits: 171.
num_chunks_enlarged: 46.
num_inconsistent_stats: 0.

CodeHeap 'non-profiled nmethods': size=120064Kb used=746Kb max_used=746Kb free=119318Kb
 bounds [0x0000022c64c80000, 0x0000022c64ef0000, 0x0000022c6c1c0000]
CodeHeap 'profiled nmethods': size=120000Kb used=3571Kb max_used=3571Kb free=116429Kb
 bounds [0x0000022c5d1c0000, 0x0000022c5d540000, 0x0000022c646f0000]
CodeHeap 'non-nmethods': size=5696Kb used=1342Kb max_used=1393Kb free=4353Kb
 bounds [0x0000022c646f0000, 0x0000022c64960000, 0x0000022c64c80000]
CodeCache: size=245760Kb, used=5659Kb, max_used=5710Kb, free=240100Kb
 total_blobs=2810, nmethods=2300, adapters=415, full_count=0
Compilation: enabled, stopped_count=0, restarted_count=0

Compilation events (20 events):
Event: 173.801 Thread 0x0000022c70f33170 2287       1       jdk.jfr.internal.EventControl::getSettingsId (5 bytes)
Event: 173.801 Thread 0x0000022c70f33170 nmethod 2287 0x0000022c64d38208 code [0x0000022c64d38300, 0x0000022c64d383c8]
Event: 173.801 Thread 0x0000022c70f33170 2289       1       jdk.jfr.internal.PlatformEventType::isEnabled (5 bytes)
Event: 173.802 Thread 0x0000022c70f33170 nmethod 2289 0x0000022c64d38508 code [0x0000022c64d38600, 0x0000022c64d386c8]
Event: 173.802 Thread 0x0000022c70f33170 2288       1       jdk.jfr.internal.EventControl::getNamedControls (5 bytes)
Event: 173.802 Thread 0x0000022c70f33170 nmethod 2288 0x0000022c64d38808 code [0x0000022c64d38900, 0x0000022c64d389c8]
Event: 173.802 Thread 0x0000022c70f33170 2290   !   3       jdk.jfr.internal.Control::setValue (102 bytes)
Event: 173.804 Thread 0x0000022c70f33170 nmethod 2290 0x0000022c5d531f08 code [0x0000022c5d5321a0, 0x0000022c5d5335d0]
Event: 173.806 Thread 0x0000022c70f2f6a0 nmethod 2278 0x0000022c64d38b08 code [0x0000022c64d38c20, 0x0000022c64d38ee0]
Event: 173.816 Thread 0x0000022c70f33170 2291       1       jdk.jfr.internal.periodic.EventTask::getEventType (5 bytes)
Event: 173.817 Thread 0x0000022c70f33170 nmethod 2291 0x0000022c64d38f88 code [0x0000022c64d39080, 0x0000022c64d39148]
Event: 173.817 Thread 0x0000022c70f33170 2292       3       java.lang.invoke.InnerClassLambdaMetafactory::methodDesc (45 bytes)
Event: 173.820 Thread 0x0000022c70f33170 nmethod 2292 0x0000022c5d533688 code [0x0000022c5d533980, 0x0000022c5d535650]
Event: 173.821 Thread 0x0000022c45487610 nmethod 2277 0x0000022c64d39288 code [0x0000022c64d393a0, 0x0000022c64d39990]
Event: 173.822 Thread 0x0000022c70f33170 2293       1       jdk.jfr.internal.periodic.PeriodicTask::getPeriod (5 bytes)
Event: 173.822 Thread 0x0000022c70f33170 nmethod 2293 0x0000022c64d39a08 code [0x0000022c64d39b00, 0x0000022c64d39bc8]
Event: 173.823 Thread 0x0000022c70f33170 2294       3       java.util.Comparator$$Lambda/0x0000022c010a2310::compare (10 bytes)
Event: 173.823 Thread 0x0000022c70f33170 nmethod 2294 0x0000022c5d535708 code [0x0000022c5d535860, 0x0000022c5d535cd0]
Event: 173.823 Thread 0x0000022c70f33170 2295       3       java.util.Comparator::lambda$comparingLong$6043328a$1 (18 bytes)
Event: 173.824 Thread 0x0000022c70f33170 nmethod 2295 0x0000022c5d535d08 code [0x0000022c5d535e60, 0x0000022c5d536240]

GC Heap History (2 events):
Event: 173.589 GC heap before
{Heap before GC invocations=0 (full 0):
 garbage-first heap   total reserved 2068480K, committed 133120K, used 29812K [0x0000000081c00000, 0x0000000100000000)
  region size 1024K, 28 young (28672K), 0 survivors (0K)
 Metaspace       used 7991K, committed 8256K, reserved 1114112K
  class space    used 713K, committed 832K, reserved 1048576K
}
Event: 173.605 GC heap after
{Heap after GC invocations=1 (full 0):
 garbage-first heap   total reserved 2068480K, committed 133120K, used 5065K [0x0000000081c00000, 0x0000000100000000)
  region size 1024K, 4 young (4096K), 4 survivors (4096K)
 Metaspace       used 7991K, committed 8256K, reserved 1114112K
  class space    used 713K, committed 832K, reserved 1048576K
}

Dll operation events (12 events):
Event: 0.058 Loaded shared library C:\Program Files\Java\jdk-24\bin\java.dll
Event: 0.164 Loaded shared library C:\Program Files\Java\jdk-24\bin\jsvml.dll
Event: 0.380 Loaded shared library C:\Program Files\Java\jdk-24\bin\zip.dll
Event: 0.393 Loaded shared library C:\Program Files\Java\jdk-24\bin\instrument.dll
Event: 0.408 Loaded shared library C:\Program Files\Java\jdk-24\bin\net.dll
Event: 0.413 Loaded shared library C:\Program Files\Java\jdk-24\bin\nio.dll
Event: 0.455 Loaded shared library C:\Program Files\Java\jdk-24\bin\zip.dll
Event: 0.660 Loaded shared library C:\Program Files\Java\jdk-24\bin\jimage.dll
Event: 0.740 Loaded shared library C:\Program Files\Java\jdk-24\bin\extnet.dll
Event: 1.581 Loaded shared library C:\Program Files\Java\jdk-24\bin\management.dll
Event: 1.612 Loaded shared library C:\Program Files\Java\jdk-24\bin\management_ext.dll
Event: 173.068 Loaded shared library C:\Users\DELL\AppData\Local\Temp\idea_libasyncProfiler_dll_temp_folder\libasyncProfiler.dll

Deoptimization events (20 events):
Event: 173.605 Thread 0x0000022c70f2ae80 Uncommon trap: trap_request=0xffffff4d fr.pc=0x0000022c64cdcbb0 relative=0x00000000000000b0
Event: 173.605 Thread 0x0000022c70f2ae80 Uncommon trap: reason=unstable_if action=reinterpret pc=0x0000022c64cdcbb0 method=java.lang.ref.SoftReference.get()Ljava/lang/Object; @ 17 c2
Event: 173.605 Thread 0x0000022c70f2ae80 DEOPT PACKING pc=0x0000022c64cdcbb0 sp=0x000000a5c74fd290
Event: 173.605 Thread 0x0000022c70f2ae80 DEOPT UNPACKING pc=0x0000022c64801c82 sp=0x000000a5c74fd220 mode 2
Event: 173.605 Thread 0x0000022c70f2ae80 Uncommon trap: trap_request=0xffffff4d fr.pc=0x0000022c64cdea58 relative=0x0000000000000058
Event: 173.605 Thread 0x0000022c70f2ae80 Uncommon trap: reason=unstable_if action=reinterpret pc=0x0000022c64cdea58 method=java.lang.ref.ReferenceQueue.poll()Ljava/lang/ref/Reference; @ 4 c2
Event: 173.605 Thread 0x0000022c469bec20 Uncommon trap: trap_request=0xffffff4d fr.pc=0x0000022c64cdea58 relative=0x0000000000000058
Event: 173.605 Thread 0x0000022c70f2ae80 DEOPT PACKING pc=0x0000022c64cdea58 sp=0x000000a5c74fd660
Event: 173.605 Thread 0x0000022c469bec20 Uncommon trap: reason=unstable_if action=reinterpret pc=0x0000022c64cdea58 method=java.lang.ref.ReferenceQueue.poll()Ljava/lang/ref/Reference; @ 4 c2
Event: 173.605 Thread 0x0000022c70f2ae80 DEOPT UNPACKING pc=0x0000022c64801c82 sp=0x000000a5c74fd5d0 mode 2
Event: 173.605 Thread 0x0000022c469bec20 DEOPT PACKING pc=0x0000022c64cdea58 sp=0x000000a5c68fe200
Event: 173.605 Thread 0x0000022c469bec20 DEOPT UNPACKING pc=0x0000022c64801c82 sp=0x000000a5c68fe170 mode 2
Event: 173.708 Thread 0x0000022c70f2ae80 Uncommon trap: trap_request=0xffffff4d fr.pc=0x0000022c64d305a8 relative=0x0000000000000208
Event: 173.708 Thread 0x0000022c70f2ae80 Uncommon trap: reason=unstable_if action=reinterpret pc=0x0000022c64d305a8 method=java.io.ByteArrayOutputStream.ensureCapacity(I)V @ 11 c2
Event: 173.708 Thread 0x0000022c70f2ae80 DEOPT PACKING pc=0x0000022c64d305a8 sp=0x000000a5c74fe300
Event: 173.708 Thread 0x0000022c70f2ae80 DEOPT UNPACKING pc=0x0000022c64801c82 sp=0x000000a5c74fe238 mode 2
Event: 173.752 Thread 0x0000022c70f2ae80 Uncommon trap: trap_request=0xffffff4d fr.pc=0x0000022c64d312f8 relative=0x00000000000003d8
Event: 173.752 Thread 0x0000022c70f2ae80 Uncommon trap: reason=unstable_if action=reinterpret pc=0x0000022c64d312f8 method=java.io.ByteArrayOutputStream.ensureCapacity(I)V @ 11 c2
Event: 173.752 Thread 0x0000022c70f2ae80 DEOPT PACKING pc=0x0000022c64d312f8 sp=0x000000a5c74fe240
Event: 173.752 Thread 0x0000022c70f2ae80 DEOPT UNPACKING pc=0x0000022c64801c82 sp=0x000000a5c74fe120 mode 2

Classes loaded (20 events):
Event: 173.640 Loading class jdk/jfr/internal/MetadataWriter
Event: 173.640 Loading class jdk/jfr/internal/MetadataWriter done
Event: 173.640 Loading class jdk/jfr/internal/MetadataDescriptor$Element
Event: 173.641 Loading class jdk/jfr/internal/MetadataDescriptor$Element done
Event: 173.642 Loading class jdk/jfr/internal/MetadataDescriptor$Attribute
Event: 173.642 Loading class jdk/jfr/internal/MetadataDescriptor$Attribute done
Event: 173.680 Loading class jdk/jfr/internal/consumer/StringParser$Encoding
Event: 173.681 Loading class jdk/jfr/internal/consumer/StringParser$Encoding done
Event: 173.770 Loading class jdk/jfr/internal/consumer/RepositoryFiles
Event: 173.773 Loading class jdk/jfr/internal/consumer/RepositoryFiles done
Event: 173.791 Loading class jdk/jfr/internal/SettingsManager$InternalSetting
Event: 173.791 Loading class jdk/jfr/internal/SettingsManager$InternalSetting done
Event: 173.796 Loading class jdk/jfr/internal/util/Rate
Event: 173.796 Loading class jdk/jfr/internal/util/Rate done
Event: 173.796 Loading class jdk/jfr/internal/util/TimespanUnit
Event: 173.797 Loading class jdk/jfr/internal/util/TimespanUnit done
Event: 173.797 Loading class jdk/jfr/internal/util/ValueParser
Event: 173.798 Loading class jdk/jfr/internal/util/ValueParser done
Event: 173.801 Loading class jdk/jfr/internal/periodic/PeriodicType
Event: 173.801 Loading class jdk/jfr/internal/periodic/PeriodicType done

Classes unloaded (0 events):
No events

Classes redefined (0 events):
No events

Internal exceptions (20 events):
Event: 2.665 Thread 0x0000022c45a71cf0 Exception <a 'java/lang/NoSuchMethodError'{0x0000000088c72af0}: 'java.lang.Object java.lang.invoke.DirectMethodHandle$Holder.invokeStatic(java.lang.Object, java.lang.Object, java.lang.Object, java.lang.Object, java.lang.Object, java.lang.Object, java.lang.Object, java.lang.Object)'> (0x0000000088c72af0) 
thrown [s\open\src\hotspot\share\interpreter\linkResolver.cpp, line 805]
Event: 2.673 Thread 0x0000022c45a71cf0 Exception <a 'java/lang/NoSuchMethodError'{0x0000000088c966d8}: 'java.lang.Object java.lang.invoke.DirectMethodHandle$Holder.invokeStatic(java.lang.Object, java.lang.Object, java.lang.Object, java.lang.Object, java.lang.Object, java.lang.Object, java.lang.Object, java.lang.Object, java.lang.Object)'> (0x0000000088c966d8) 
thrown [s\open\src\hotspot\share\interpreter\linkResolver.cpp, line 805]
Event: 2.677 Thread 0x0000022c45a71cf0 Exception <a 'java/lang/NoSuchMethodError'{0x0000000088ca9b88}: 'java.lang.Object java.lang.invoke.Invokers$Holder.invokeExact_MT(java.lang.Object, java.lang.Object, java.lang.Object, java.lang.Object, java.lang.Object, java.lang.Object)'> (0x0000000088ca9b88) 
thrown [s\open\src\hotspot\share\interpreter\linkResolver.cpp, line 805]
Event: 2.709 Thread 0x0000022c45a71cf0 Exception <a 'java/lang/NoSuchMethodError'{0x0000000088cb5918}: 'java.lang.Object java.lang.invoke.DirectMethodHandle$Holder.invokeInterface(java.lang.Object, java.lang.Object, java.lang.Object, java.lang.Object, java.lang.Object)'> (0x0000000088cb5918) 
thrown [s\open\src\hotspot\share\interpreter\linkResolver.cpp, line 805]
Event: 2.726 Thread 0x0000022c45a71cf0 Exception <a 'java/lang/NoSuchMethodError'{0x0000000088b00560}: 'double java.lang.invoke.DirectMethodHandle$Holder.invokeInterface(java.lang.Object, java.lang.Object)'> (0x0000000088b00560) 
thrown [s\open\src\hotspot\share\interpreter\linkResolver.cpp, line 805]
Event: 2.728 Thread 0x0000022c45a71cf0 Exception <a 'java/lang/NoSuchMethodError'{0x0000000088b111d0}: 'double java.lang.invoke.DelegatingMethodHandle$Holder.reinvoke_L(java.lang.Object, java.lang.Object)'> (0x0000000088b111d0) 
thrown [s\open\src\hotspot\share\interpreter\linkResolver.cpp, line 805]
Event: 3.284 Thread 0x0000022c45a71cf0 Exception <a 'java/lang/NoSuchMethodError'{0x0000000088b38ef0}: 'long java.lang.invoke.DirectMethodHandle$Holder.invokeVirtual(java.lang.Object, java.lang.Object)'> (0x0000000088b38ef0) 
thrown [s\open\src\hotspot\share\interpreter\linkResolver.cpp, line 805]
Event: 3.285 Thread 0x0000022c45a71cf0 Exception <a 'java/lang/NoSuchMethodError'{0x0000000088b411e0}: 'java.lang.Object java.lang.invoke.DirectMethodHandle$Holder.invokeStatic(java.lang.Object, long)'> (0x0000000088b411e0) 
thrown [s\open\src\hotspot\share\interpreter\linkResolver.cpp, line 805]
Event: 3.288 Thread 0x0000022c45a71cf0 Exception <a 'java/lang/NoSuchMethodError'{0x0000000088b51288}: 'long java.lang.invoke.DelegatingMethodHandle$Holder.reinvoke_L(java.lang.Object, java.lang.Object)'> (0x0000000088b51288) 
thrown [s\open\src\hotspot\share\interpreter\linkResolver.cpp, line 805]
Event: 173.150 Thread 0x0000022c70f2ae80 Implicit null exception at 0x0000022c64ca90b9 to 0x0000022c64ca9b08
Event: 173.176 Thread 0x0000022c70f2ae80 Exception <a 'java/lang/NoSuchMethodError'{0x0000000088672f60}: 'void java.lang.invoke.DirectMethodHandle$Holder.invokeStaticInit(java.lang.Object)'> (0x0000000088672f60) 
thrown [s\open\src\hotspot\share\interpreter\linkResolver.cpp, line 805]
Event: 173.199 Thread 0x0000022c70f2ae80 Exception <a 'java/lang/NoSuchMethodError'{0x00000000886d17a8}: 'java.lang.Object java.lang.invoke.DirectMethodHandle$Holder.newInvokeSpecial(java.lang.Object, java.lang.Object, java.lang.Object, java.lang.Object, java.lang.Object)'> (0x00000000886d17a8) 
thrown [s\open\src\hotspot\share\interpreter\linkResolver.cpp, line 805]
Event: 173.302 Thread 0x0000022c70f2ae80 Exception <a 'java/lang/NoSuchMethodError'{0x0000000088466b38}: 'int java.lang.invoke.DirectMethodHandle$Holder.invokeStatic(java.lang.Object, java.lang.Object, java.lang.Object, java.lang.Object)'> (0x0000000088466b38) 
thrown [s\open\src\hotspot\share\interpreter\linkResolver.cpp, line 805]
Event: 173.581 Thread 0x0000022c70f2ae80 Exception <a 'java/lang/NoSuchMethodError'{0x00000000880729f0}: 'void java.lang.invoke.DirectMethodHandle$Holder.invokeSpecial(java.lang.Object, java.lang.Object, int)'> (0x00000000880729f0) 
thrown [s\open\src\hotspot\share\interpreter\linkResolver.cpp, line 805]
Event: 173.582 Thread 0x0000022c70f2ae80 Exception <a 'java/lang/NoSuchMethodError'{0x000000008807a610}: 'void java.lang.invoke.Invokers$Holder.invokeExact_MT(java.lang.Object, int, java.lang.Object)'> (0x000000008807a610) 
thrown [s\open\src\hotspot\share\interpreter\linkResolver.cpp, line 805]
Event: 173.586 Thread 0x0000022c70f2ae80 Exception <a 'java/lang/NoSuchMethodError'{0x0000000088095038}: 'void java.lang.invoke.DirectMethodHandle$Holder.invokeStatic(java.lang.Object, java.lang.Object, int)'> (0x0000000088095038) 
thrown [s\open\src\hotspot\share\interpreter\linkResolver.cpp, line 805]
Event: 173.587 Thread 0x0000022c70f2ae80 Exception <a 'java/lang/NoSuchMethodError'{0x00000000880a3f40}: 'java.lang.Object java.lang.invoke.DirectMethodHandle$Holder.newInvokeSpecial(java.lang.Object, java.lang.Object, int)'> (0x00000000880a3f40) 
thrown [s\open\src\hotspot\share\interpreter\linkResolver.cpp, line 805]
Event: 173.616 Thread 0x0000022c70f2ae80 Exception <a 'sun/nio/fs/WindowsException'{0x0000000089bac1d8}> (0x0000000089bac1d8) 
thrown [s\open\src\hotspot\share\prims\jni.cpp, line 518]
Event: 173.622 Thread 0x0000022c70f2ae80 Exception <a 'sun/nio/fs/WindowsException'{0x0000000089bb8fa0}> (0x0000000089bb8fa0) 
thrown [s\open\src\hotspot\share\prims\jni.cpp, line 518]
Event: 173.634 Thread 0x0000022c70f2ae80 Exception <a 'sun/nio/fs/WindowsException'{0x0000000089bcace8}> (0x0000000089bcace8) 
thrown [s\open\src\hotspot\share\prims\jni.cpp, line 518]

VM Operations (18 events):
Event: 0.300 Executing VM operation: HandshakeAllThreads (Deoptimize)
Event: 0.300 Executing VM operation: HandshakeAllThreads (Deoptimize) done
Event: 2.143 Executing VM operation: HandshakeAllThreads (Deoptimize)
Event: 2.143 Executing VM operation: HandshakeAllThreads (Deoptimize) done
Event: 2.294 Executing VM operation: HandshakeAllThreads (Deoptimize)
Event: 2.294 Executing VM operation: HandshakeAllThreads (Deoptimize) done
Event: 2.599 Executing VM operation: HandshakeAllThreads (Deoptimize)
Event: 2.599 Executing VM operation: HandshakeAllThreads (Deoptimize) done
Event: 60.234 Executing VM operation: HandshakeAllThreads (HandshakeForDeflation)
Event: 60.234 Executing VM operation: HandshakeAllThreads (HandshakeForDeflation) done
Event: 60.234 Executing VM operation: RendezvousGCThreads
Event: 60.234 Executing VM operation: RendezvousGCThreads done
Event: 173.589 Executing VM operation: G1CollectForAllocation (G1 Evacuation Pause)
Event: 173.605 Executing VM operation: G1CollectForAllocation (G1 Evacuation Pause) done
Event: 173.608 Executing VM operation: HandshakeAllThreads (Deoptimize)
Event: 173.608 Executing VM operation: HandshakeAllThreads (Deoptimize) done
Event: 173.787 Executing VM operation: JFRSafepointClear
Event: 173.787 Executing VM operation: JFRSafepointClear done

Memory protections (0 events):
No events

Nmethod flushes (0 events):
No events

Events (20 events):
Event: 0.157 Thread 0x0000022c5269ec20 Thread added: 0x0000022c70f299b0
Event: 0.157 Thread 0x0000022c5269ec20 Thread added: 0x0000022c70f2ae80
Event: 0.157 Thread 0x0000022c5269ec20 Thread added: 0x0000022c70f2dd10
Event: 0.158 Thread 0x0000022c5269ec20 Thread added: 0x0000022c70f2e840
Event: 0.158 Thread 0x0000022c5269ec20 Thread added: 0x0000022c70f2f6a0
Event: 0.158 Thread 0x0000022c5269ec20 Thread added: 0x0000022c70f33170
Event: 0.403 Thread 0x0000022c5269ec20 Thread added: 0x0000022c450d2580
Event: 0.548 Thread 0x0000022c5269ec20 Thread added: 0x0000022c4520eb60
Event: 0.548 Thread 0x0000022c5269ec20 Thread added: 0x0000022c4520f2a0
Event: 1.846 Thread 0x0000022c70f2f6a0 Thread added: 0x0000022c457f9ac0
Event: 2.317 Thread 0x0000022c70f2ae80 Thread added: 0x0000022c45826be0
Event: 2.519 Thread 0x0000022c45826be0 Thread added: 0x0000022c45a71cf0
Event: 2.520 Thread 0x0000022c457f9ac0 Thread exited: 0x0000022c457f9ac0
Event: 2.577 Thread 0x0000022c45a71cf0 Thread added: 0x0000022c45a74d10
Event: 2.595 Thread 0x0000022c45a71cf0 Thread added: 0x0000022c45a75860
Event: 30.733 Thread 0x0000022c45826be0 Thread added: 0x0000022c4542f7a0
Event: 107.610 Thread 0x0000022c45a71cf0 Thread exited: 0x0000022c45a71cf0
Event: 173.117 Thread 0x0000022c70f33170 Thread added: 0x0000022c45487610
Event: 173.170 Thread 0x0000022c70f2ae80 Thread added: 0x0000022c453525b0
Event: 173.588 Thread 0x0000022c70f2ae80 Thread added: 0x0000022c469bec20


Dynamic libraries:
0x00007ff6afb80000 - 0x00007ff6afb90000 	C:\Program Files\Java\jdk-24\bin\java.exe
0x00007ffa603f0000 - 0x00007ffa605e8000 	C:\Windows\SYSTEM32\ntdll.dll
0x00007ffa5e880000 - 0x00007ffa5e942000 	C:\Windows\System32\KERNEL32.DLL
0x00007ffa5df80000 - 0x00007ffa5e276000 	C:\Windows\System32\KERNELBASE.dll
0x00007ffa5dc90000 - 0x00007ffa5dd90000 	C:\Windows\System32\ucrtbase.dll
0x00007ffa55f40000 - 0x00007ffa55f5b000 	C:\Program Files\Java\jdk-24\bin\VCRUNTIME140.dll
0x00007ffa55de0000 - 0x00007ffa55df6000 	C:\Program Files\Java\jdk-24\bin\jli.dll
0x00007ffa5e970000 - 0x00007ffa5eb0d000 	C:\Windows\System32\USER32.dll
0x00007ffa5dbd0000 - 0x00007ffa5dbf2000 	C:\Windows\System32\win32u.dll
0x00007ffa5fb00000 - 0x00007ffa5fb2b000 	C:\Windows\System32\GDI32.dll
0x00007ffa4a0a0000 - 0x00007ffa4a33a000 	C:\Windows\WinSxS\amd64_microsoft.windows.common-controls_6595b64144ccf1df_6.0.19041.5915_none_60b4b9d171f9c7c7\COMCTL32.dll
0x00007ffa5de60000 - 0x00007ffa5df78000 	C:\Windows\System32\gdi32full.dll
0x00007ffa5fba0000 - 0x00007ffa5fc3e000 	C:\Windows\System32\msvcrt.dll
0x00007ffa5da80000 - 0x00007ffa5db1d000 	C:\Windows\System32\msvcp_win.dll
0x00007ffa5ff70000 - 0x00007ffa5ff9f000 	C:\Windows\System32\IMM32.DLL
0x00007ffa5ac20000 - 0x00007ffa5ac2c000 	C:\Program Files\Java\jdk-24\bin\vcruntime140_1.dll
0x00007ffa2e510000 - 0x00007ffa2e59e000 	C:\Program Files\Java\jdk-24\bin\msvcp140.dll
0x00007ffa17cb0000 - 0x00007ffa18a52000 	C:\Program Files\Java\jdk-24\bin\server\jvm.dll
0x00007ffa5eb10000 - 0x00007ffa5ebc1000 	C:\Windows\System32\ADVAPI32.dll
0x00007ffa5fa60000 - 0x00007ffa5faff000 	C:\Windows\System32\sechost.dll
0x00007ffa5ed10000 - 0x00007ffa5ee33000 	C:\Windows\System32\RPCRT4.dll
0x00007ffa5e280000 - 0x00007ffa5e2a7000 	C:\Windows\System32\bcrypt.dll
0x00007ffa5fb30000 - 0x00007ffa5fb9b000 	C:\Windows\System32\WS2_32.dll
0x00007ffa5d8e0000 - 0x00007ffa5d92b000 	C:\Windows\SYSTEM32\POWRPROF.dll
0x00007ffa49fd0000 - 0x00007ffa49ff7000 	C:\Windows\SYSTEM32\WINMM.dll
0x00007ffa53260000 - 0x00007ffa5326a000 	C:\Windows\SYSTEM32\VERSION.dll
0x00007ffa5d8c0000 - 0x00007ffa5d8d2000 	C:\Windows\SYSTEM32\UMPDC.dll
0x00007ffa5c260000 - 0x00007ffa5c272000 	C:\Windows\SYSTEM32\kernel.appcore.dll
0x00007ffa5abe0000 - 0x00007ffa5abea000 	C:\Program Files\Java\jdk-24\bin\jimage.dll
0x00007ffa5b780000 - 0x00007ffa5b981000 	C:\Windows\SYSTEM32\DBGHELP.DLL
0x00007ffa45980000 - 0x00007ffa459b4000 	C:\Windows\SYSTEM32\dbgcore.DLL
0x00007ffa5dc00000 - 0x00007ffa5dc82000 	C:\Windows\System32\bcryptPrimitives.dll
0x00007ffa57a00000 - 0x00007ffa57a0f000 	C:\Program Files\Java\jdk-24\bin\instrument.dll
0x00007ffa53170000 - 0x00007ffa5318e000 	C:\Program Files\Java\jdk-24\bin\java.dll
0x00007ffa60280000 - 0x00007ffa603ab000 	C:\Windows\System32\ole32.dll
0x00007ffa5f700000 - 0x00007ffa5fa53000 	C:\Windows\System32\combase.dll
0x00007ffa5ef90000 - 0x00007ffa5f6fe000 	C:\Windows\System32\SHELL32.dll
0x00007ffa5baa0000 - 0x00007ffa5c244000 	C:\Windows\SYSTEM32\windows.storage.dll
0x00007ffa5d2f0000 - 0x00007ffa5d31b000 	C:\Windows\SYSTEM32\Wldp.dll
0x00007ffa5ee40000 - 0x00007ffa5ef0d000 	C:\Windows\System32\OLEAUT32.dll
0x00007ffa5ffb0000 - 0x00007ffa6005d000 	C:\Windows\System32\SHCORE.dll
0x00007ffa60110000 - 0x00007ffa6016b000 	C:\Windows\System32\shlwapi.dll
0x00007ffa5d9b0000 - 0x00007ffa5d9d4000 	C:\Windows\SYSTEM32\profapi.dll
0x00007ffa26c60000 - 0x00007ffa26d37000 	C:\Program Files\Java\jdk-24\bin\jsvml.dll
0x00007ffa3bb90000 - 0x00007ffa3bba7000 	C:\Program Files\Java\jdk-24\bin\zip.dll
0x00007ffa56000000 - 0x00007ffa56010000 	C:\Program Files\Java\jdk-24\bin\net.dll
0x00007ffa5d0e0000 - 0x00007ffa5d14a000 	C:\Windows\system32\mswsock.dll
0x00007ffa3ade0000 - 0x00007ffa3adf6000 	C:\Program Files\Java\jdk-24\bin\nio.dll
0x00007ffa55f30000 - 0x00007ffa55f39000 	C:\Program Files\Java\jdk-24\bin\extnet.dll
0x00007ffa5ce20000 - 0x00007ffa5ceea000 	C:\Windows\SYSTEM32\DNSAPI.dll
0x00007ffa5cde0000 - 0x00007ffa5ce1b000 	C:\Windows\SYSTEM32\IPHLPAPI.DLL
0x00007ffa5ffa0000 - 0x00007ffa5ffa8000 	C:\Windows\System32\NSI.dll
0x00007ffa567d0000 - 0x00007ffa567da000 	C:\Windows\System32\rasadhlp.dll
0x00007ffa49c00000 - 0x00007ffa49c80000 	C:\Windows\System32\fwpuclnt.dll
0x00007ffa55dd0000 - 0x00007ffa55dda000 	C:\Program Files\Java\jdk-24\bin\management.dll
0x00007ffa53160000 - 0x00007ffa5316b000 	C:\Program Files\Java\jdk-24\bin\management_ext.dll
0x00007ffa5e960000 - 0x00007ffa5e968000 	C:\Windows\System32\PSAPI.DLL
0x00007ffa5d340000 - 0x00007ffa5d358000 	C:\Windows\SYSTEM32\CRYPTSP.dll
0x00007ffa5ca20000 - 0x00007ffa5ca55000 	C:\Windows\system32\rsaenh.dll
0x00007ffa5d930000 - 0x00007ffa5d95e000 	C:\Windows\SYSTEM32\USERENV.dll
0x00007ffa5d320000 - 0x00007ffa5d32c000 	C:\Windows\SYSTEM32\CRYPTBASE.dll
0x00007ffa3ca40000 - 0x00007ffa3ca57000 	C:\Windows\system32\napinsp.dll
0x00007ffa3c9a0000 - 0x00007ffa3c9bb000 	C:\Windows\system32\pnrpnsp.dll
0x00007ffa59cc0000 - 0x00007ffa59cdd000 	C:\Windows\system32\wshbth.dll
0x00007ffa57ca0000 - 0x00007ffa57cbd000 	C:\Windows\system32\NLAapi.dll
0x00007ffa3c980000 - 0x00007ffa3c992000 	C:\Windows\System32\winrnr.dll
0x00007ffa3bfb0000 - 0x00007ffa3c001000 	C:\Windows\SYSTEM32\pdh.dll
0x00007ffa571e0000 - 0x00007ffa571ef000 	C:\Windows\System32\perfproc.dll
0x00007ffa18db0000 - 0x00007ffa18fa8000 	C:\Users\DELL\AppData\Local\Temp\idea_libasyncProfiler_dll_temp_folder\libasyncProfiler.dll

JVMTI agents:
D:\IntelliJ IDEA 2025.1.2\lib\idea_rt.jar path:C:\Program Files\Java\jdk-24\bin\instrument.dll, loaded, initialized, instrumentlib options:58376

dbghelp: loaded successfully - version: 4.0.5 - missing functions: none
symbol engine: initialized successfully - sym options: 0x614 - pdb path: .;C:\Program Files\Java\jdk-24\bin;C:\Windows\SYSTEM32;C:\Windows\WinSxS\amd64_microsoft.windows.common-controls_6595b64144ccf1df_6.0.19041.5915_none_60b4b9d171f9c7c7;C:\Program Files\Java\jdk-24\bin\server;C:\Users\DELL\AppData\Local\Temp\idea_libasyncProfiler_dll_temp_folder

VM Arguments:
jvm_args: -javaagent:D:\IntelliJ IDEA 2025.1.2\lib\idea_rt.jar=58376 -Dfile.encoding=UTF-8 -Dsun.stdout.encoding=UTF-8 -Dsun.stderr.encoding=UTF-8 
java_command: Main
java_class_path (initial): C:\Users\DELL\IdeaProjects\Gym_Management_System\out\production\Gym_Management_System;C:\Program Files\MySQL\mysql-connector-j-9.3.0\mysql-connector-j-9.3.0.jar
Launcher Type: SUN_STANDARD

[Global flags]
     intx CICompilerCount                          = 3                                         {product} {ergonomic}
     uint ConcGCThreads                            = 1                                         {product} {ergonomic}
     bool FlightRecorder                           = true                                      {product} {management}
     uint G1ConcRefinementThreads                  = 4                                         {product} {ergonomic}
   size_t G1HeapRegionSize                         = 1048576                                   {product} {ergonomic}
   size_t InitialHeapSize                          = 134217728                                 {product} {ergonomic}
   size_t MarkStackSize                            = 4194304                                   {product} {ergonomic}
   size_t MarkStackSizeMax                         = 536870912                                 {product} {ergonomic}
   size_t MaxHeapSize                              = 2118123520                                {product} {ergonomic}
   size_t MaxNewSize                               = 1270874112                                {product} {ergonomic}
   size_t MinHeapDeltaBytes                        = 1048576                                   {product} {ergonomic}
   size_t MinHeapSize                              = 8388608                                   {product} {ergonomic}
    uintx NonNMethodCodeHeapSize                   = 5832704                                {pd product} {ergonomic}
    uintx NonProfiledCodeHeapSize                  = 122945536                              {pd product} {ergonomic}
    uintx ProfiledCodeHeapSize                     = 122880000                              {pd product} {ergonomic}
    uintx ReservedCodeCacheSize                    = 251658240                              {pd product} {ergonomic}
     bool SegmentedCodeCache                       = true                                      {product} {ergonomic}
   size_t SoftMaxHeapSize                          = 2118123520                             {manageable} {ergonomic}
     bool UseCompressedOops                        = true                           {product lp64_product} {ergonomic}
     bool UseG1GC                                  = true                                      {product} {ergonomic}
     bool UseLargePagesIndividualAllocation        = false                                  {pd product} {ergonomic}

Logging:
Log output configuration:
 #0: stdout all=warning uptime,level,tags foldmultilines=false
 #1: stderr all=off uptime,level,tags foldmultilines=false

Environment Variables:
PATH=C:\Program Files\Common Files\Oracle\Java\javapath;C:\Windows\system32;C:\Windows;C:\Windows\System32\Wbem;C:\Windows\System32\WindowsPowerShell\v1.0\;C:\Windows\System32\OpenSSH\;C:\Program Files\MySQL\MySQL Server 8.0\bin;C:\Program Files\Java\jdk-24\bin;C:\Program Files\Git\cmd;C:\Program Files\MySQL\MySQL Shell 8.0\bin\;C:\jdk-24.0.1\bin;C:\Users\DELL\AppData\Local\Programs\Microsoft VS Code\bin;;D:\IntelliJ IDEA 2025.1.2\bin;
USERNAME=DELL
OS=Windows_NT
PROCESSOR_IDENTIFIER=Intel64 Family 6 Model 78 Stepping 3, GenuineIntel
TMP=C:\Users\DELL\AppData\Local\Temp
TEMP=C:\Users\DELL\AppData\Local\Temp




Periodic native trim disabled

---------------  S Y S T E M  ---------------

OS:
 Windows 10 , 64 bit Build 19041 (10.0.19041.5915)
OS uptime: 0 days 22:46 hours
Hyper-V role detected

CPU: total 4 (initial active 4) (2 cores per cpu, 2 threads per core) family 6 model 78 stepping 3 microcode 0xec, cx8, cmov, fxsr, ht, mmx, 3dnowpref, sse, sse2, sse3, ssse3, sse4.1, sse4.2, popcnt, lzcnt, tsc, tscinvbit, avx, avx2, aes, erms, clmul, bmi1, bmi2, rtm, adx, fma, vzeroupper, clflush, clflushopt, hv, rdtscp, f16c
Processor Information for processor 0
  Max Mhz: 2496, Current Mhz: 1497, Mhz Limit: 2396
Processor Information for processor 1
  Max Mhz: 2496, Current Mhz: 2396, Mhz Limit: 2396
Processor Information for processor 2
  Max Mhz: 2496, Current Mhz: 1497, Mhz Limit: 2396
Processor Information for processor 3
  Max Mhz: 2496, Current Mhz: 1497, Mhz Limit: 2396

Memory: 4k page, system-wide physical 8075M (1042M free)
TotalPageFile size 10379M (AvailPageFile size 1393M)
current process WorkingSet (physical memory assigned to process): 104M, peak: 104M
current process commit charge ("private bytes"): 259M, peak: 261M

vm_info: Java HotSpot(TM) 64-Bit Server VM (24.0.1+9-30) for windows-amd64 JRE (24.0.1+9-30), built on 2025-03-05T07:23:45Z with MS VC++ 17.6 (VS2022)

END.
